Using pre-set license
Built from '2021.3/staging' branch; Version is '2021.3.18f1 (3129e69bc0c7) revision 3221990'; Using compiler version '192829333'; Build Type 'Release'
OS: 'Windows 11  (10.0.22621) 64bit Core' Language: 'en' Physical Memory: 49068 MB
BatchMode: 1, IsHumanControllingUs: 0, StartBugReporterOnCrash: 0, Is64bit: 1, IsPro: 1

COMMAND LINE ARGUMENTS:
C:\Program Files\Unity\Hub\Editor\2019.4.16f1\Editor\2021.3.18f1\Editor\Unity.exe
-adb2
-batchMode
-noUpm
-name
AssetImportWorker3
-projectPath
C:/Users/wanye/source/3D-User-Interfaces-for-VR/Project 1 - Jedi Training
-logFile
Logs/AssetImportWorker3.log
-srvPort
61871
Successfully changed project path to: C:/Users/wanye/source/3D-User-Interfaces-for-VR/Project 1 - Jedi Training
C:/Users/wanye/source/3D-User-Interfaces-for-VR/Project 1 - Jedi Training
[UnityMemory] Configuration Parameters - Can be set up in boot.config
    "memorysetup-bucket-allocator-granularity=16"
    "memorysetup-bucket-allocator-bucket-count=8"
    "memorysetup-bucket-allocator-block-size=33554432"
    "memorysetup-bucket-allocator-block-count=8"
    "memorysetup-main-allocator-block-size=16777216"
    "memorysetup-thread-allocator-block-size=16777216"
    "memorysetup-gfx-main-allocator-block-size=16777216"
    "memorysetup-gfx-thread-allocator-block-size=16777216"
    "memorysetup-cache-allocator-block-size=4194304"
    "memorysetup-typetree-allocator-block-size=2097152"
    "memorysetup-profiler-bucket-allocator-granularity=16"
    "memorysetup-profiler-bucket-allocator-bucket-count=8"
    "memorysetup-profiler-bucket-allocator-block-size=33554432"
    "memorysetup-profiler-bucket-allocator-block-count=8"
    "memorysetup-profiler-allocator-block-size=16777216"
    "memorysetup-profiler-editor-allocator-block-size=1048576"
    "memorysetup-temp-allocator-size-main=16777216"
    "memorysetup-job-temp-allocator-block-size=2097152"
    "memorysetup-job-temp-allocator-block-size-background=1048576"
    "memorysetup-job-temp-allocator-reduction-small-platforms=262144"
    "memorysetup-temp-allocator-size-background-worker=32768"
    "memorysetup-temp-allocator-size-job-worker=262144"
    "memorysetup-temp-allocator-size-preload-manager=33554432"
    "memorysetup-temp-allocator-size-nav-mesh-worker=65536"
    "memorysetup-temp-allocator-size-audio-worker=65536"
    "memorysetup-temp-allocator-size-cloud-worker=32768"
    "memorysetup-temp-allocator-size-gi-baking-worker=262144"
    "memorysetup-temp-allocator-size-gfx=262144"
Player connection [25908] Host "[IP] 10.127.16.58 [Port] 0 [Flags] 2 [Guid] 3492759279 [EditorId] 3492759279 [Version] 1048832 [Id] WindowsEditor(7,Wanyea-DESKTOP) [Debug] 1 [PackageName] WindowsEditor [ProjectName] Editor" joined multi-casting on [225.0.0.222:54997]...

Player connection [25908] Host "[IP] 10.127.16.58 [Port] 0 [Flags] 2 [Guid] 3492759279 [EditorId] 3492759279 [Version] 1048832 [Id] WindowsEditor(7,Wanyea-DESKTOP) [Debug] 1 [PackageName] WindowsEditor [ProjectName] Editor" joined alternative multi-casting on [225.0.0.222:34997]...

Refreshing native plugins compatible for Editor in 158.01 ms, found 8 plugins.
Preloading 1 native plugins for Editor in 0.59 ms.
Initialize engine version: 2021.3.18f1 (3129e69bc0c7)
[Subsystems] Discovering subsystems at path C:/Program Files/Unity/Hub/Editor/2019.4.16f1/Editor/2021.3.18f1/Editor/Data/Resources/UnitySubsystems
[Subsystems] Discovering subsystems at path C:/Users/wanye/source/3D-User-Interfaces-for-VR/Project 1 - Jedi Training/Assets
GfxDevice: creating device client; threaded=0; jobified=0
Direct3D:
    Version:  Direct3D 11.0 [level 11.1]
    Renderer: Radeon RX 580 Series (ID=0x67df)
    Vendor:   ATI
    VRAM:     8170 MB
    Driver:   31.0.12029.7019
Shader 'Oculus/OVRMRCameraFrameLit': fallback shader 'Alpha-Diffuse' not found
Initialize mono
Mono path[0] = 'C:/Program Files/Unity/Hub/Editor/2019.4.16f1/Editor/2021.3.18f1/Editor/Data/Managed'
Mono path[1] = 'C:/Program Files/Unity/Hub/Editor/2019.4.16f1/Editor/2021.3.18f1/Editor/Data/MonoBleedingEdge/lib/mono/unityjit-win32'
Mono config path = 'C:/Program Files/Unity/Hub/Editor/2019.4.16f1/Editor/2021.3.18f1/Editor/Data/MonoBleedingEdge/etc'
Using monoOptions --debugger-agent=transport=dt_socket,embedding=1,server=y,suspend=n,address=127.0.0.1:56044
Begin MonoManager ReloadAssembly
Registering precompiled unity dll's ...
Register platform support module: C:/Program Files/Unity/Hub/Editor/2019.4.16f1/Editor/2021.3.18f1/Editor/Data/PlaybackEngines/AndroidPlayer/UnityEditor.Android.Extensions.dll
Register platform support module: C:/Program Files/Unity/Hub/Editor/2019.4.16f1/Editor/2021.3.18f1/Editor/Data/PlaybackEngines/WindowsStandaloneSupport/UnityEditor.WindowsStandalone.Extensions.dll
Registered in 0.005797 seconds.
Native extension for WindowsStandalone target not found
Native extension for Android target not found
Android Extension - Scanning For ADB Devices 580 ms
Refreshing native plugins compatible for Editor in 137.87 ms, found 8 plugins.
Preloading 1 native plugins for Editor in 0.05 ms.
Mono: successfully reloaded assembly
- Completed reload, in  1.251 seconds
Domain Reload Profiling:
	ReloadAssembly (1251ms)
		BeginReloadAssembly (57ms)
			ExecutionOrderSort (0ms)
			DisableScriptedObjects (0ms)
			BackupInstance (0ms)
			ReleaseScriptingObjects (0ms)
			CreateAndSetChildDomain (1ms)
		EndReloadAssembly (1094ms)
			LoadAssemblies (56ms)
			RebuildTransferFunctionScriptingTraits (0ms)
			SetupTypeCache (97ms)
			ReleaseScriptCaches (0ms)
			RebuildScriptCaches (25ms)
			SetupLoadedEditorAssemblies (930ms)
				LogAssemblyErrors (0ms)
				InitializePlatformSupportModulesInManaged (653ms)
				SetLoadedEditorAssemblies (0ms)
				RefreshPlugins (138ms)
				BeforeProcessingInitializeOnLoad (1ms)
				ProcessInitializeOnLoadAttributes (94ms)
				ProcessInitializeOnLoadMethodAttributes (44ms)
				AfterProcessingInitializeOnLoad (0ms)
				EditorAssembliesLoaded (0ms)
			ExecutionOrderSort2 (0ms)
			AwakeInstancesAfterBackupRestoration (0ms)
Platform modules already initialized, skipping
Registering precompiled user dll's ...
Registered in 0.006316 seconds.
Begin MonoManager ReloadAssembly
Symbol file LoadedFromMemory doesn't match image C:\Users\wanye\source\3D-User-Interfaces-for-VR\Project 1 - Jedi Training\Library\PackageCache\com.unity.visualscripting@1.8.0\Editor\VisualScripting.Core\Dependencies\DotNetZip\Unity.VisualScripting.IonicZip.dll
Symbol file LoadedFromMemory doesn't match image C:\Users\wanye\source\3D-User-Interfaces-for-VR\Project 1 - Jedi Training\Library\PackageCache\com.unity.visualscripting@1.8.0\Editor\VisualScripting.Core\Dependencies\YamlDotNet\Unity.VisualScripting.YamlDotNet.dll
Native extension for WindowsStandalone target not found
Native extension for Android target not found
Refreshing native plugins compatible for Editor in 1.32 ms, found 8 plugins.
Preloading 1 native plugins for Editor in 0.10 ms.
Package Manager log level set to [2]
[XR] OculusXRPlugin: registering subsystems
[XR] Unable to register display lifecyle provider: [1]
[XR] Oculus Input lifecycle provider registered.
[XR] Unable to register input lifecyle provider: [1]
[XR] OVRP version 1.79.0
Mono: successfully reloaded assembly
- Completed reload, in  7.954 seconds
Domain Reload Profiling:
	ReloadAssembly (7955ms)
		BeginReloadAssembly (93ms)
			ExecutionOrderSort (0ms)
			DisableScriptedObjects (5ms)
			BackupInstance (0ms)
			ReleaseScriptingObjects (0ms)
			CreateAndSetChildDomain (18ms)
		EndReloadAssembly (7724ms)
			LoadAssemblies (4925ms)
			RebuildTransferFunctionScriptingTraits (0ms)
			SetupTypeCache (694ms)
			ReleaseScriptCaches (1ms)
			RebuildScriptCaches (66ms)
			SetupLoadedEditorAssemblies (1983ms)
				LogAssemblyErrors (0ms)
				InitializePlatformSupportModulesInManaged (1646ms)
				SetLoadedEditorAssemblies (0ms)
				RefreshPlugins (1ms)
				BeforeProcessingInitializeOnLoad (96ms)
				ProcessInitializeOnLoadAttributes (212ms)
				ProcessInitializeOnLoadMethodAttributes (23ms)
				AfterProcessingInitializeOnLoad (5ms)
				EditorAssembliesLoaded (0ms)
			ExecutionOrderSort2 (0ms)
			AwakeInstancesAfterBackupRestoration (5ms)
Platform modules already initialized, skipping
========================================================================
Worker process is ready to serve import requests
Shader 'Oculus/OVRMRCameraFrameLit': fallback shader 'Alpha-Diffuse' not found
Launched and connected shader compiler UnityShaderCompiler.exe after 0.03 seconds
Refreshing native plugins compatible for Editor in 1.21 ms, found 8 plugins.
Preloading 1 native plugins for Editor in 0.06 ms.
Unloading 4490 Unused Serialized files (Serialized files now loaded: 0)
Unloading 53 unused Assets / (136.9 KB). Loaded Objects now: 4936.
Memory consumption went from 167.0 MB to 166.9 MB.
Total: 3.234900 ms (FindLiveObjects: 0.407700 ms CreateObjectMapping: 0.125800 ms MarkObjects: 2.559500 ms  DeleteObjects: 0.140800 ms)

AssetImportParameters requested are different than current active one (requested -> active):
  custom:video-decoder-ogg-theora: a1e56fd34408186e4bbccfd4996cb3dc -> 
  custom:container-muxer-webm: aa71ff27fc2769a1b78a27578f13a17b -> 
  custom:container-demuxer-webm: 4f35f7cbe854078d1ac9338744f61a02 -> 
  custom:video-encoder-webm-vp8: eb34c28f22e8b96e1ab97ce403110664 -> 
  custom:audio-encoder-webm-vorbis: bf7c407c2cedff20999df2af8eb42d56 -> 
  custom:framework-win-MediaFoundation: 216162199b28c13a410421893ffa2e32 -> 
  custom:container-demuxer-ogg: 62fdf1f143b41e24485cea50d1cbac27 -> 
  custom:video-decoder-webm-vp8: 9c59270c3fd7afecdb556c50c9e8de78 -> 
  custom:audio-decoder-ogg-vorbis: bf7c407c2cedff20999df2af8eb42d56 -> 
========================================================================
Received Import Request.
  Time since last request: 348060.893714 seconds.
  path: Assets/_Creepy_Cat/_3D Showroom Free/_Prefabs/P_Corridor_End.prefab
  artifactKey: Guid(c73073a1e7dbc8c44b01dce4ef7cfb5c) Importer(815301076,1909f56bfc062723c751e8b465ee728b)
Start importing Assets/_Creepy_Cat/_3D Showroom Free/_Prefabs/P_Corridor_End.prefab using Guid(c73073a1e7dbc8c44b01dce4ef7cfb5c) Importer(815301076,1909f56bfc062723c751e8b465ee728b)  -> (artifact id: 'be8e85b7faa2d7fbe5591e968c6f6ca8') in 2.463359 seconds 
========================================================================
Received Import Request.
  Time since last request: 0.000034 seconds.
  path: Assets/_Creepy_Cat/_3D Showroom Free/_Prefabs/P_Floor_Normal_01.prefab
  artifactKey: Guid(e579e46691db2e54cb2fe9109120173e) Importer(815301076,1909f56bfc062723c751e8b465ee728b)
Start importing Assets/_Creepy_Cat/_3D Showroom Free/_Prefabs/P_Floor_Normal_01.prefab using Guid(e579e46691db2e54cb2fe9109120173e) Importer(815301076,1909f56bfc062723c751e8b465ee728b)  -> (artifact id: '818490a7f76393e3d2cb4d933cd6de87') in 2.246184 seconds 
========================================================================
Received Import Request.
  Time since last request: 0.000078 seconds.
  path: Assets/_Creepy_Cat/_3D Showroom Free/_Prefabs/P_Showroom_01.prefab
  artifactKey: Guid(9fd65da602ae57746b4a20725b9a69d1) Importer(815301076,1909f56bfc062723c751e8b465ee728b)
Start importing Assets/_Creepy_Cat/_3D Showroom Free/_Prefabs/P_Showroom_01.prefab using Guid(9fd65da602ae57746b4a20725b9a69d1) Importer(815301076,1909f56bfc062723c751e8b465ee728b)  -> (artifact id: 'aff48898be57197eec6875e5894cf07f') in 1.902802 seconds 
========================================================================
Received Import Request.
  Time since last request: 0.000027 seconds.
  path: Assets/_Creepy_Cat/_3D Showroom Free/_Prefabs/P_Floor_Angle_01.prefab
  artifactKey: Guid(431edb26e74a30841afe223730630335) Importer(815301076,1909f56bfc062723c751e8b465ee728b)
Start importing Assets/_Creepy_Cat/_3D Showroom Free/_Prefabs/P_Floor_Angle_01.prefab using Guid(431edb26e74a30841afe223730630335) Importer(815301076,1909f56bfc062723c751e8b465ee728b)  -> (artifact id: '4f9395c87e91d8365d891d3825c3e8c5') in 2.960866 seconds 
========================================================================
Received Import Request.
  Time since last request: 0.000050 seconds.
  path: Assets/_Creepy_Cat/_3D Showroom Free/_Prefabs/P_Roof_Hole_01.prefab
  artifactKey: Guid(37da26db6e587dd489a461a945071d0e) Importer(815301076,1909f56bfc062723c751e8b465ee728b)
Start importing Assets/_Creepy_Cat/_3D Showroom Free/_Prefabs/P_Roof_Hole_01.prefab using Guid(37da26db6e587dd489a461a945071d0e) Importer(815301076,1909f56bfc062723c751e8b465ee728b)  -> (artifact id: '900da685a551a4ae18cf8418c0ea1cb3') in 3.637711 seconds 
========================================================================
Received Import Request.
  Time since last request: 0.000035 seconds.
  path: Assets/_Creepy_Cat/_3D Showroom Free/_Prefabs/P_Floor_Normal_02.prefab
  artifactKey: Guid(6a70de0042255a74c8191793a4ba6e59) Importer(815301076,1909f56bfc062723c751e8b465ee728b)
Start importing Assets/_Creepy_Cat/_3D Showroom Free/_Prefabs/P_Floor_Normal_02.prefab using Guid(6a70de0042255a74c8191793a4ba6e59) Importer(815301076,1909f56bfc062723c751e8b465ee728b)  -> (artifact id: '45ae6352116df13cf337990eb029f6b2') in 2.372755 seconds 
========================================================================
Received Import Request.
  Time since last request: 23.270720 seconds.
  path: Assets/_Creepy_Cat/_3D Scifi Kit Starter Kit/_Prefabs/Floor_Half_01.prefab
  artifactKey: Guid(2f01900586265460b859e219a93163ff) Importer(815301076,1909f56bfc062723c751e8b465ee728b)
Start importing Assets/_Creepy_Cat/_3D Scifi Kit Starter Kit/_Prefabs/Floor_Half_01.prefab using Guid(2f01900586265460b859e219a93163ff) Importer(815301076,1909f56bfc062723c751e8b465ee728b)  -> (artifact id: '681e2943af3dd33d7e7687664510f98f') in 1.113214 seconds 
========================================================================
Received Import Request.
  Time since last request: 0.000030 seconds.
  path: Assets/_Creepy_Cat/_3D Scifi Kit Starter Kit/_Prefabs/Wall_Door_02.prefab
  artifactKey: Guid(a02ce749f148249039a33e6457063ccd) Importer(815301076,1909f56bfc062723c751e8b465ee728b)
Start importing Assets/_Creepy_Cat/_3D Scifi Kit Starter Kit/_Prefabs/Wall_Door_02.prefab using Guid(a02ce749f148249039a33e6457063ccd) Importer(815301076,1909f56bfc062723c751e8b465ee728b)  -> (artifact id: '06d4f09d05238afea055d0e6d1348a75') in 1.018607 seconds 
========================================================================
Received Import Request.
  Time since last request: 0.000041 seconds.
  path: Assets/_Creepy_Cat/_3D Scifi Kit Starter Kit/_Prefabs/Roof_Light_01.prefab
  artifactKey: Guid(822045e52ba034b43b8ff78ad680baa2) Importer(815301076,1909f56bfc062723c751e8b465ee728b)
Start importing Assets/_Creepy_Cat/_3D Scifi Kit Starter Kit/_Prefabs/Roof_Light_01.prefab using Guid(822045e52ba034b43b8ff78ad680baa2) Importer(815301076,1909f56bfc062723c751e8b465ee728b)  -> (artifact id: '5a509b11ac781465a9c811b731e1f7d6') in 1.258151 seconds 
========================================================================
Received Import Request.
  Time since last request: 0.000026 seconds.
  path: Assets/_Creepy_Cat/_3D Scifi Kit Starter Kit/_Prefabs/Roof_Normal_01.prefab
  artifactKey: Guid(bd48466ddd2244cef95165867e8af462) Importer(815301076,1909f56bfc062723c751e8b465ee728b)
Start importing Assets/_Creepy_Cat/_3D Scifi Kit Starter Kit/_Prefabs/Roof_Normal_01.prefab using Guid(bd48466ddd2244cef95165867e8af462) Importer(815301076,1909f56bfc062723c751e8b465ee728b)  -> (artifact id: '50279b373c88f56a8f8d3a567344b5e7') in 0.997599 seconds 
========================================================================
Received Import Request.
  Time since last request: 0.000081 seconds.
  path: Assets/_Creepy_Cat/_3D Scifi Kit Starter Kit/_Prefabs/Wall_Top_01.prefab
  artifactKey: Guid(e96abcf273c3640c693f5f0386a125c4) Importer(815301076,1909f56bfc062723c751e8b465ee728b)
Start importing Assets/_Creepy_Cat/_3D Scifi Kit Starter Kit/_Prefabs/Wall_Top_01.prefab using Guid(e96abcf273c3640c693f5f0386a125c4) Importer(815301076,1909f56bfc062723c751e8b465ee728b)  -> (artifact id: 'fe1e9c417ab4d8cd6088c3bd90b78cfc') in 1.211340 seconds 
========================================================================
Received Import Request.
  Time since last request: 0.000031 seconds.
  path: Assets/_Creepy_Cat/_3D Scifi Kit Starter Kit/_Prefabs/Floor_Normal_01.prefab
  artifactKey: Guid(915701440b3c44451bb1d1f51de6bf4e) Importer(815301076,1909f56bfc062723c751e8b465ee728b)
Start importing Assets/_Creepy_Cat/_3D Scifi Kit Starter Kit/_Prefabs/Floor_Normal_01.prefab using Guid(915701440b3c44451bb1d1f51de6bf4e) Importer(815301076,1909f56bfc062723c751e8b465ee728b)  -> (artifact id: '5427c6574b005f3f610884273f401b96') in 0.846670 seconds 
========================================================================
Received Import Request.
  Time since last request: 0.000031 seconds.
  path: Assets/_Creepy_Cat/_3D Scifi Kit Starter Kit/_Prefabs/Roof_Square_01.prefab
  artifactKey: Guid(2f3612156fa714862a6c99eaeb4bc48b) Importer(815301076,1909f56bfc062723c751e8b465ee728b)
Start importing Assets/_Creepy_Cat/_3D Scifi Kit Starter Kit/_Prefabs/Roof_Square_01.prefab using Guid(2f3612156fa714862a6c99eaeb4bc48b) Importer(815301076,1909f56bfc062723c751e8b465ee728b)  -> (artifact id: '4020f8d9ecabfb46e9d3fffce0b59b9d') in 0.872047 seconds 
========================================================================
Received Import Request.
  Time since last request: 0.000027 seconds.
  path: Assets/_Creepy_Cat/_3D Scifi Kit Starter Kit/_Prefabs/Wall_Top_Angle_01.prefab
  artifactKey: Guid(7f11f64b77d1e41e8bcdf95baacbcaf4) Importer(815301076,1909f56bfc062723c751e8b465ee728b)
Start importing Assets/_Creepy_Cat/_3D Scifi Kit Starter Kit/_Prefabs/Wall_Top_Angle_01.prefab using Guid(7f11f64b77d1e41e8bcdf95baacbcaf4) Importer(815301076,1909f56bfc062723c751e8b465ee728b)  -> (artifact id: 'e505e9b5a6458f1feac4d843d8ce1711') in 2.043496 seconds 
========================================================================
Received Import Request.
  Time since last request: 29.842387 seconds.
  path: Assets/_Creepy_Cat/_3D Showroom Free/_Textures/Hard_Surface_01_Illum.png
  artifactKey: Guid(3cdededbb56107c468acf88833d650e4) Importer(815301076,1909f56bfc062723c751e8b465ee728b)
Start importing Assets/_Creepy_Cat/_3D Showroom Free/_Textures/Hard_Surface_01_Illum.png using Guid(3cdededbb56107c468acf88833d650e4) Importer(815301076,1909f56bfc062723c751e8b465ee728b)  -> (artifact id: '6f5c1581058b88e5e85d8d8aa6491bdd') in 0.361341 seconds 
========================================================================
Received Import Request.
  Time since last request: 0.000082 seconds.
  path: Assets/_Creepy_Cat/_3D Showroom Free/_Textures/Hard_Surface_01_Norm.png
  artifactKey: Guid(0f30554eca854f44d8e3c6ee49d1cd65) Importer(815301076,1909f56bfc062723c751e8b465ee728b)
Start importing Assets/_Creepy_Cat/_3D Showroom Free/_Textures/Hard_Surface_01_Norm.png using Guid(0f30554eca854f44d8e3c6ee49d1cd65) Importer(815301076,1909f56bfc062723c751e8b465ee728b)  -> (artifact id: '16a94ad56df73e8c7da83bc8e052cdbb') in 1.222444 seconds 
========================================================================
Received Prepare
Registering precompiled user dll's ...
Registered in 0.004813 seconds.
Begin MonoManager ReloadAssembly
Symbol file LoadedFromMemory doesn't match image C:\Users\wanye\source\3D-User-Interfaces-for-VR\Project 1 - Jedi Training\Library\PackageCache\com.unity.visualscripting@1.8.0\Editor\VisualScripting.Core\Dependencies\DotNetZip\Unity.VisualScripting.IonicZip.dll
Symbol file LoadedFromMemory doesn't match image C:\Users\wanye\source\3D-User-Interfaces-for-VR\Project 1 - Jedi Training\Library\PackageCache\com.unity.visualscripting@1.8.0\Editor\VisualScripting.Core\Dependencies\YamlDotNet\Unity.VisualScripting.YamlDotNet.dll
Native extension for WindowsStandalone target not found
Native extension for Android target not found
Refreshing native plugins compatible for Editor in 1.30 ms, found 8 plugins.
Preloading 1 native plugins for Editor in 0.11 ms.
Mono: successfully reloaded assembly
- Completed reload, in  0.975 seconds
Domain Reload Profiling:
	ReloadAssembly (976ms)
		BeginReloadAssembly (123ms)
			ExecutionOrderSort (0ms)
			DisableScriptedObjects (4ms)
			BackupInstance (0ms)
			ReleaseScriptingObjects (0ms)
			CreateAndSetChildDomain (40ms)
		EndReloadAssembly (764ms)
			LoadAssemblies (74ms)
			RebuildTransferFunctionScriptingTraits (0ms)
			SetupTypeCache (257ms)
			ReleaseScriptCaches (2ms)
			RebuildScriptCaches (37ms)
			SetupLoadedEditorAssemblies (324ms)
				LogAssemblyErrors (0ms)
				InitializePlatformSupportModulesInManaged (20ms)
				SetLoadedEditorAssemblies (0ms)
				RefreshPlugins (1ms)
				BeforeProcessingInitializeOnLoad (76ms)
				ProcessInitializeOnLoadAttributes (196ms)
				ProcessInitializeOnLoadMethodAttributes (23ms)
				AfterProcessingInitializeOnLoad (7ms)
				EditorAssembliesLoaded (0ms)
			ExecutionOrderSort2 (0ms)
			AwakeInstancesAfterBackupRestoration (11ms)
Platform modules already initialized, skipping
Shader 'Oculus/OVRMRCameraFrameLit': fallback shader 'Alpha-Diffuse' not found
Refreshing native plugins compatible for Editor in 4.67 ms, found 8 plugins.
Preloading 1 native plugins for Editor in 0.04 ms.
Unloading 4383 Unused Serialized files (Serialized files now loaded: 0)
Unloading 45 unused Assets / (111.4 KB). Loaded Objects now: 4954.
Memory consumption went from 161.7 MB to 161.6 MB.
Total: 3.344600 ms (FindLiveObjects: 0.427700 ms CreateObjectMapping: 0.300000 ms MarkObjects: 2.492500 ms  DeleteObjects: 0.123500 ms)

AssetImportParameters requested are different than current active one (requested -> active):
  custom:video-decoder-ogg-theora: a1e56fd34408186e4bbccfd4996cb3dc -> 
  custom:container-muxer-webm: aa71ff27fc2769a1b78a27578f13a17b -> 
  custom:container-demuxer-webm: 4f35f7cbe854078d1ac9338744f61a02 -> 
  custom:video-encoder-webm-vp8: eb34c28f22e8b96e1ab97ce403110664 -> 
  custom:audio-encoder-webm-vorbis: bf7c407c2cedff20999df2af8eb42d56 -> 
  custom:framework-win-MediaFoundation: 216162199b28c13a410421893ffa2e32 -> 
  custom:container-demuxer-ogg: 62fdf1f143b41e24485cea50d1cbac27 -> 
  custom:video-decoder-webm-vp8: 9c59270c3fd7afecdb556c50c9e8de78 -> 
  custom:audio-decoder-ogg-vorbis: bf7c407c2cedff20999df2af8eb42d56 -> 
========================================================================
Received Import Request.
  Time since last request: 830.960092 seconds.
  path: Assets/_Creepy_Cat/_3D Showroom Free/_Prefabs/P_Showroom_01.prefab
  artifactKey: Guid(9fd65da602ae57746b4a20725b9a69d1) Importer(815301076,1909f56bfc062723c751e8b465ee728b)
Start importing Assets/_Creepy_Cat/_3D Showroom Free/_Prefabs/P_Showroom_01.prefab using Guid(9fd65da602ae57746b4a20725b9a69d1) Importer(815301076,1909f56bfc062723c751e8b465ee728b)  -> (artifact id: '264160e5be7a0b90a7646b1c96544e0d') in 1.758588 seconds 
========================================================================
Received Import Request.
  Time since last request: 125.233920 seconds.
  path: Assets/DizzyMedia/_Assets/LP Sets_Sci-fi Interior/Resources/Skybox/bottom.png
  artifactKey: Guid(c27db449c17253b41be99ea5568e6701) Importer(815301076,1909f56bfc062723c751e8b465ee728b)
Start importing Assets/DizzyMedia/_Assets/LP Sets_Sci-fi Interior/Resources/Skybox/bottom.png using Guid(c27db449c17253b41be99ea5568e6701) Importer(815301076,1909f56bfc062723c751e8b465ee728b)  -> (artifact id: '34e16ef69efba9e234ac901d7eeedec0') in 0.113556 seconds 
========================================================================
Received Import Request.
  Time since last request: 0.000022 seconds.
  path: Assets/DizzyMedia/_Assets/LP Sets_Sci-fi Interior/Resources/Skybox/top.png
  artifactKey: Guid(9b138c3c49d4d6044911f0f59b130452) Importer(815301076,1909f56bfc062723c751e8b465ee728b)
Start importing Assets/DizzyMedia/_Assets/LP Sets_Sci-fi Interior/Resources/Skybox/top.png using Guid(9b138c3c49d4d6044911f0f59b130452) Importer(815301076,1909f56bfc062723c751e8b465ee728b)  -> (artifact id: 'b45ebc4bf6709ffe26c3636e23a14917') in 0.071588 seconds 
========================================================================
Received Import Request.
  Time since last request: 0.000026 seconds.
  path: Assets/DizzyMedia/_Assets/LP Sets_Sci-fi Interior/Resources/Skybox/right.png
  artifactKey: Guid(c588d151098e6784dac04e90443fcad8) Importer(815301076,1909f56bfc062723c751e8b465ee728b)
Start importing Assets/DizzyMedia/_Assets/LP Sets_Sci-fi Interior/Resources/Skybox/right.png using Guid(c588d151098e6784dac04e90443fcad8) Importer(815301076,1909f56bfc062723c751e8b465ee728b)  -> (artifact id: '580a36c08fa863b42448de577be7e8e5') in 0.080987 seconds 
========================================================================
Received Import Request.
  Time since last request: 41.042864 seconds.
  path: Assets/_Creepy_Cat/_3D Scifi Kit Starter Kit/_Meshes/Materials/Wall_Atlas_01_Dif_Dark.mat
  artifactKey: Guid(935d2681fdb44c44d8507378e0a0bd16) Importer(815301076,1909f56bfc062723c751e8b465ee728b)
Start importing Assets/_Creepy_Cat/_3D Scifi Kit Starter Kit/_Meshes/Materials/Wall_Atlas_01_Dif_Dark.mat using Guid(935d2681fdb44c44d8507378e0a0bd16) Importer(815301076,1909f56bfc062723c751e8b465ee728b)  -> (artifact id: '682ebb23982b0fa3dd399a58509a567e') in 0.886063 seconds 
========================================================================
Received Import Request.
  Time since last request: 3282.293448 seconds.
  path: Assets/Prefabs/Lightsabers/obi-wan-kenobi-lightsaber/textures/OWLS_High_BlackPlastic1_Metallic.png
  artifactKey: Guid(1f4eb76730b31574f8d882f043411a38) Importer(815301076,1909f56bfc062723c751e8b465ee728b)
Start importing Assets/Prefabs/Lightsabers/obi-wan-kenobi-lightsaber/textures/OWLS_High_BlackPlastic1_Metallic.png using Guid(1f4eb76730b31574f8d882f043411a38) Importer(815301076,1909f56bfc062723c751e8b465ee728b)  -> (artifact id: 'a180e33cbf395f65044819530bd24bdf') in 0.078061 seconds 
========================================================================
Received Import Request.
  Time since last request: 0.000029 seconds.
  path: Assets/Prefabs/Lightsabers/obi-wan-kenobi-lightsaber/textures/OWLS_High_Steel_Metallic.png
  artifactKey: Guid(a4b6e137a44cbca4b90d80ca82134ae5) Importer(815301076,1909f56bfc062723c751e8b465ee728b)
Start importing Assets/Prefabs/Lightsabers/obi-wan-kenobi-lightsaber/textures/OWLS_High_Steel_Metallic.png using Guid(a4b6e137a44cbca4b90d80ca82134ae5) Importer(815301076,1909f56bfc062723c751e8b465ee728b)  -> (artifact id: 'b8dc91c3d9382ee2ebb754ef9f405537') in 0.056504 seconds 
========================================================================
Received Import Request.
  Time since last request: 0.000032 seconds.
  path: Assets/Prefabs/Lightsabers/obi-wan-kenobi-lightsaber/textures/OWLS_High_Steel_BaseColor.png
  artifactKey: Guid(c4d9dca7a6e1ca645869a81c0c5b4790) Importer(815301076,1909f56bfc062723c751e8b465ee728b)
Start importing Assets/Prefabs/Lightsabers/obi-wan-kenobi-lightsaber/textures/OWLS_High_Steel_BaseColor.png using Guid(c4d9dca7a6e1ca645869a81c0c5b4790) Importer(815301076,1909f56bfc062723c751e8b465ee728b)  -> (artifact id: '1684276a6c32a939ba6e73a8f7b81047') in 0.074179 seconds 
========================================================================
Received Import Request.
  Time since last request: 0.000037 seconds.
  path: Assets/Prefabs/Lightsabers/obi-wan-kenobi-lightsaber/textures/OWLS_High_Steel_Roughness.png
  artifactKey: Guid(c33bc3b1f5b2db74f86d21cb61f71cd3) Importer(815301076,1909f56bfc062723c751e8b465ee728b)
Start importing Assets/Prefabs/Lightsabers/obi-wan-kenobi-lightsaber/textures/OWLS_High_Steel_Roughness.png using Guid(c33bc3b1f5b2db74f86d21cb61f71cd3) Importer(815301076,1909f56bfc062723c751e8b465ee728b)  -> (artifact id: '98b2685585f8061b46968f47d3caef54') in 0.045761 seconds 
========================================================================
Received Prepare
Registering precompiled user dll's ...
Registered in 0.007726 seconds.
Begin MonoManager ReloadAssembly
Symbol file LoadedFromMemory doesn't match image C:\Users\wanye\source\3D-User-Interfaces-for-VR\Project 1 - Jedi Training\Library\PackageCache\com.unity.visualscripting@1.8.0\Editor\VisualScripting.Core\Dependencies\DotNetZip\Unity.VisualScripting.IonicZip.dll
Symbol file LoadedFromMemory doesn't match image C:\Users\wanye\source\3D-User-Interfaces-for-VR\Project 1 - Jedi Training\Library\PackageCache\com.unity.visualscripting@1.8.0\Editor\VisualScripting.Core\Dependencies\YamlDotNet\Unity.VisualScripting.YamlDotNet.dll
Native extension for WindowsStandalone target not found
Native extension for Android target not found
Refreshing native plugins compatible for Editor in 1.53 ms, found 8 plugins.
Preloading 1 native plugins for Editor in 0.11 ms.
Mono: successfully reloaded assembly
- Completed reload, in  0.964 seconds
Domain Reload Profiling:
	ReloadAssembly (965ms)
		BeginReloadAssembly (124ms)
			ExecutionOrderSort (0ms)
			DisableScriptedObjects (5ms)
			BackupInstance (0ms)
			ReleaseScriptingObjects (0ms)
			CreateAndSetChildDomain (39ms)
		EndReloadAssembly (757ms)
			LoadAssemblies (78ms)
			RebuildTransferFunctionScriptingTraits (0ms)
			SetupTypeCache (262ms)
			ReleaseScriptCaches (2ms)
			RebuildScriptCaches (51ms)
			SetupLoadedEditorAssemblies (292ms)
				LogAssemblyErrors (0ms)
				InitializePlatformSupportModulesInManaged (25ms)
				SetLoadedEditorAssemblies (0ms)
				RefreshPlugins (2ms)
				BeforeProcessingInitializeOnLoad (72ms)
				ProcessInitializeOnLoadAttributes (168ms)
				ProcessInitializeOnLoadMethodAttributes (19ms)
				AfterProcessingInitializeOnLoad (5ms)
				EditorAssembliesLoaded (0ms)
			ExecutionOrderSort2 (0ms)
			AwakeInstancesAfterBackupRestoration (5ms)
Platform modules already initialized, skipping
Shader 'Oculus/OVRMRCameraFrameLit': fallback shader 'Alpha-Diffuse' not found
Refreshing native plugins compatible for Editor in 4.76 ms, found 8 plugins.
Preloading 1 native plugins for Editor in 0.04 ms.
Unloading 4400 Unused Serialized files (Serialized files now loaded: 0)
Unloading 51 unused Assets / (173.7 KB). Loaded Objects now: 5001.
Memory consumption went from 162.8 MB to 162.6 MB.
Total: 3.266400 ms (FindLiveObjects: 0.461900 ms CreateObjectMapping: 0.114500 ms MarkObjects: 2.518500 ms  DeleteObjects: 0.170400 ms)

AssetImportParameters requested are different than current active one (requested -> active):
  custom:video-decoder-ogg-theora: a1e56fd34408186e4bbccfd4996cb3dc -> 
  custom:container-muxer-webm: aa71ff27fc2769a1b78a27578f13a17b -> 
  custom:container-demuxer-webm: 4f35f7cbe854078d1ac9338744f61a02 -> 
  custom:video-encoder-webm-vp8: eb34c28f22e8b96e1ab97ce403110664 -> 
  custom:audio-encoder-webm-vorbis: bf7c407c2cedff20999df2af8eb42d56 -> 
  custom:framework-win-MediaFoundation: 216162199b28c13a410421893ffa2e32 -> 
  custom:container-demuxer-ogg: 62fdf1f143b41e24485cea50d1cbac27 -> 
  custom:video-decoder-webm-vp8: 9c59270c3fd7afecdb556c50c9e8de78 -> 
  custom:audio-decoder-ogg-vorbis: bf7c407c2cedff20999df2af8eb42d56 -> 
========================================================================
Received Prepare
Registering precompiled user dll's ...
Registered in 0.006187 seconds.
Begin MonoManager ReloadAssembly
Symbol file LoadedFromMemory doesn't match image C:\Users\wanye\source\3D-User-Interfaces-for-VR\Project 1 - Jedi Training\Library\PackageCache\com.unity.visualscripting@1.8.0\Editor\VisualScripting.Core\Dependencies\DotNetZip\Unity.VisualScripting.IonicZip.dll
Symbol file LoadedFromMemory doesn't match image C:\Users\wanye\source\3D-User-Interfaces-for-VR\Project 1 - Jedi Training\Library\PackageCache\com.unity.visualscripting@1.8.0\Editor\VisualScripting.Core\Dependencies\YamlDotNet\Unity.VisualScripting.YamlDotNet.dll
Native extension for WindowsStandalone target not found
Native extension for Android target not found
Refreshing native plugins compatible for Editor in 1.37 ms, found 8 plugins.
Preloading 1 native plugins for Editor in 0.13 ms.
Mono: successfully reloaded assembly
- Completed reload, in  2.236 seconds
Domain Reload Profiling:
	ReloadAssembly (2237ms)
		BeginReloadAssembly (247ms)
			ExecutionOrderSort (0ms)
			DisableScriptedObjects (4ms)
			BackupInstance (0ms)
			ReleaseScriptingObjects (0ms)
			CreateAndSetChildDomain (105ms)
		EndReloadAssembly (1893ms)
			LoadAssemblies (103ms)
			RebuildTransferFunctionScriptingTraits (0ms)
			SetupTypeCache (306ms)
			ReleaseScriptCaches (2ms)
			RebuildScriptCaches (53ms)
			SetupLoadedEditorAssemblies (1374ms)
				LogAssemblyErrors (0ms)
				InitializePlatformSupportModulesInManaged (30ms)
				SetLoadedEditorAssemblies (0ms)
				RefreshPlugins (2ms)
				BeforeProcessingInitializeOnLoad (79ms)
				ProcessInitializeOnLoadAttributes (1239ms)
				ProcessInitializeOnLoadMethodAttributes (19ms)
				AfterProcessingInitializeOnLoad (5ms)
				EditorAssembliesLoaded (0ms)
			ExecutionOrderSort2 (0ms)
			AwakeInstancesAfterBackupRestoration (7ms)
Platform modules already initialized, skipping
Shader 'Oculus/OVRMRCameraFrameLit': fallback shader 'Alpha-Diffuse' not found
Refreshing native plugins compatible for Editor in 5.45 ms, found 8 plugins.
Preloading 1 native plugins for Editor in 0.06 ms.
Unloading 4406 Unused Serialized files (Serialized files now loaded: 0)
Unloading 53 unused Assets / (240.1 KB). Loaded Objects now: 5009.
Memory consumption went from 163.2 MB to 163.0 MB.
Total: 3.250900 ms (FindLiveObjects: 0.435500 ms CreateObjectMapping: 0.129500 ms MarkObjects: 2.473100 ms  DeleteObjects: 0.211500 ms)

AssetImportParameters requested are different than current active one (requested -> active):
  custom:video-decoder-ogg-theora: a1e56fd34408186e4bbccfd4996cb3dc -> 
  custom:container-muxer-webm: aa71ff27fc2769a1b78a27578f13a17b -> 
  custom:container-demuxer-webm: 4f35f7cbe854078d1ac9338744f61a02 -> 
  custom:video-encoder-webm-vp8: eb34c28f22e8b96e1ab97ce403110664 -> 
  custom:audio-encoder-webm-vorbis: bf7c407c2cedff20999df2af8eb42d56 -> 
  custom:framework-win-MediaFoundation: 216162199b28c13a410421893ffa2e32 -> 
  custom:container-demuxer-ogg: 62fdf1f143b41e24485cea50d1cbac27 -> 
  custom:video-decoder-webm-vp8: 9c59270c3fd7afecdb556c50c9e8de78 -> 
  custom:audio-decoder-ogg-vorbis: bf7c407c2cedff20999df2af8eb42d56 -> 
========================================================================
Received Import Request.
  Time since last request: 1746.633957 seconds.
  path: Assets/Prefabs/Lightsabers/LaserSword/Model/LaserSwordModel.3DS
  artifactKey: Guid(7527cc0e3b6359448a84dc6b9670b274) Importer(815301076,1909f56bfc062723c751e8b465ee728b)
Start importing Assets/Prefabs/Lightsabers/LaserSword/Model/LaserSwordModel.3DS using Guid(7527cc0e3b6359448a84dc6b9670b274) Importer(815301076,1909f56bfc062723c751e8b465ee728b)  -> (artifact id: 'cac31d2f52eb728b5e22497272f0f657') in 0.264497 seconds 
========================================================================
Received Import Request.
  Time since last request: 129.215288 seconds.
  path: Assets/Prefabs/Lightsabers/LaserSword/Sounds/LaserSwordConstant2.mp3
  artifactKey: Guid(2e654dad5826f75439d0b193c671faa2) Importer(815301076,1909f56bfc062723c751e8b465ee728b)
Start importing Assets/Prefabs/Lightsabers/LaserSword/Sounds/LaserSwordConstant2.mp3 using Guid(2e654dad5826f75439d0b193c671faa2) Importer(815301076,1909f56bfc062723c751e8b465ee728b)  -> (artifact id: '05b46b5670469f3b5117fc1fbdaaaf06') in 0.214322 seconds 
========================================================================
Received Import Request.
  Time since last request: 0.000040 seconds.
  path: Assets/Prefabs/Lightsabers/LaserSword/Sounds/LaserSwordOn1.mp3
  artifactKey: Guid(819c365123089f843a64bc7ae48db514) Importer(815301076,1909f56bfc062723c751e8b465ee728b)
Start importing Assets/Prefabs/Lightsabers/LaserSword/Sounds/LaserSwordOn1.mp3 using Guid(819c365123089f843a64bc7ae48db514) Importer(815301076,1909f56bfc062723c751e8b465ee728b)  -> (artifact id: 'b291f545be29730496ed62dea587a0cb') in 1.413076 seconds 
========================================================================
Received Import Request.
  Time since last request: 0.000041 seconds.
  path: Assets/Prefabs/Lightsabers/LaserSword/Sounds/LaserSwordOff2.mp3
  artifactKey: Guid(74e148c5748cb3b4baeb473bb95ecb03) Importer(815301076,1909f56bfc062723c751e8b465ee728b)
Start importing Assets/Prefabs/Lightsabers/LaserSword/Sounds/LaserSwordOff2.mp3 using Guid(74e148c5748cb3b4baeb473bb95ecb03) Importer(815301076,1909f56bfc062723c751e8b465ee728b)  -> (artifact id: '5702ebddd9a2c5d76efcb5481cb954c8') in 0.010791 seconds 
========================================================================
Received Import Request.
  Time since last request: 926.603925 seconds.
  path: Assets/Prefabs/Lightsabers/LaserSword/Prefab/LaserSwordPrefab.prefab
  artifactKey: Guid(4055cd0b1c63c62488823f03b99fcde6) Importer(815301076,1909f56bfc062723c751e8b465ee728b)
Start importing Assets/Prefabs/Lightsabers/LaserSword/Prefab/LaserSwordPrefab.prefab using Guid(4055cd0b1c63c62488823f03b99fcde6) Importer(815301076,1909f56bfc062723c751e8b465ee728b)  -> (artifact id: '2f30d83ff52d7a4b54742ab3a79d6f54') in 0.091571 seconds 
========================================================================
Received Import Request.
  Time since last request: 224.177012 seconds.
  path: Assets/Prefabs/Lightsabers/LaserSword/Prefab/LaserSwordPrefab.prefab
  artifactKey: Guid(4055cd0b1c63c62488823f03b99fcde6) Importer(815301076,1909f56bfc062723c751e8b465ee728b)
Start importing Assets/Prefabs/Lightsabers/LaserSword/Prefab/LaserSwordPrefab.prefab using Guid(4055cd0b1c63c62488823f03b99fcde6) Importer(815301076,1909f56bfc062723c751e8b465ee728b)  -> (artifact id: 'e35eeb57b8f770e42a8778bb276a2197') in 0.028504 seconds 
========================================================================
Received Import Request.
  Time since last request: 36.309656 seconds.
  path: ProjectSettings/TagManager.asset
  artifactKey: Guid(00000000000000003000000000000000) Importer(815301076,1909f56bfc062723c751e8b465ee728b)
Start importing ProjectSettings/TagManager.asset using Guid(00000000000000003000000000000000) Importer(815301076,1909f56bfc062723c751e8b465ee728b)  -> (artifact id: 'ffa6e40bfd373c51ce41b794cfe2e4b8') in 0.038155 seconds 
========================================================================
Received Prepare
Registering precompiled user dll's ...
Registered in 0.006469 seconds.
Begin MonoManager ReloadAssembly
Symbol file LoadedFromMemory doesn't match image C:\Users\wanye\source\3D-User-Interfaces-for-VR\Project 1 - Jedi Training\Library\PackageCache\com.unity.visualscripting@1.8.0\Editor\VisualScripting.Core\Dependencies\DotNetZip\Unity.VisualScripting.IonicZip.dll
Symbol file LoadedFromMemory doesn't match image C:\Users\wanye\source\3D-User-Interfaces-for-VR\Project 1 - Jedi Training\Library\PackageCache\com.unity.visualscripting@1.8.0\Editor\VisualScripting.Core\Dependencies\YamlDotNet\Unity.VisualScripting.YamlDotNet.dll
Native extension for WindowsStandalone target not found
Native extension for Android target not found
Refreshing native plugins compatible for Editor in 1.83 ms, found 8 plugins.
Preloading 1 native plugins for Editor in 0.11 ms.
Mono: successfully reloaded assembly
- Completed reload, in  1.062 seconds
Domain Reload Profiling:
	ReloadAssembly (1063ms)
		BeginReloadAssembly (129ms)
			ExecutionOrderSort (0ms)
			DisableScriptedObjects (3ms)
			BackupInstance (0ms)
			ReleaseScriptingObjects (0ms)
			CreateAndSetChildDomain (39ms)
		EndReloadAssembly (848ms)
			LoadAssemblies (83ms)
			RebuildTransferFunctionScriptingTraits (0ms)
			SetupTypeCache (285ms)
			ReleaseScriptCaches (2ms)
			RebuildScriptCaches (52ms)
			SetupLoadedEditorAssemblies (350ms)
				LogAssemblyErrors (0ms)
				InitializePlatformSupportModulesInManaged (27ms)
				SetLoadedEditorAssemblies (0ms)
				RefreshPlugins (2ms)
				BeforeProcessingInitializeOnLoad (83ms)
				ProcessInitializeOnLoadAttributes (210ms)
				ProcessInitializeOnLoadMethodAttributes (22ms)
				AfterProcessingInitializeOnLoad (5ms)
				EditorAssembliesLoaded (0ms)
			ExecutionOrderSort2 (0ms)
			AwakeInstancesAfterBackupRestoration (5ms)
Platform modules already initialized, skipping
Shader 'Oculus/OVRMRCameraFrameLit': fallback shader 'Alpha-Diffuse' not found
Refreshing native plugins compatible for Editor in 5.20 ms, found 8 plugins.
Preloading 1 native plugins for Editor in 0.05 ms.
Unloading 4406 Unused Serialized files (Serialized files now loaded: 0)
Unloading 54 unused Assets / (239.9 KB). Loaded Objects now: 5020.
Memory consumption went from 163.4 MB to 163.2 MB.
Total: 3.167200 ms (FindLiveObjects: 0.409100 ms CreateObjectMapping: 0.116200 ms MarkObjects: 2.434600 ms  DeleteObjects: 0.206300 ms)

AssetImportParameters requested are different than current active one (requested -> active):
  custom:video-decoder-ogg-theora: a1e56fd34408186e4bbccfd4996cb3dc -> 
  custom:container-muxer-webm: aa71ff27fc2769a1b78a27578f13a17b -> 
  custom:container-demuxer-webm: 4f35f7cbe854078d1ac9338744f61a02 -> 
  custom:video-encoder-webm-vp8: eb34c28f22e8b96e1ab97ce403110664 -> 
  custom:audio-encoder-webm-vorbis: bf7c407c2cedff20999df2af8eb42d56 -> 
  custom:framework-win-MediaFoundation: 216162199b28c13a410421893ffa2e32 -> 
  custom:container-demuxer-ogg: 62fdf1f143b41e24485cea50d1cbac27 -> 
  custom:video-decoder-webm-vp8: 9c59270c3fd7afecdb556c50c9e8de78 -> 
  custom:audio-decoder-ogg-vorbis: bf7c407c2cedff20999df2af8eb42d56 -> 
========================================================================
Received Import Request.
  Time since last request: 447.118862 seconds.
  path: Assets/Prefabs/Lightsabers/LaserSword/Prefab/LaserSwordPrefab.prefab
  artifactKey: Guid(4055cd0b1c63c62488823f03b99fcde6) Importer(815301076,1909f56bfc062723c751e8b465ee728b)
Start importing Assets/Prefabs/Lightsabers/LaserSword/Prefab/LaserSwordPrefab.prefab using Guid(4055cd0b1c63c62488823f03b99fcde6) Importer(815301076,1909f56bfc062723c751e8b465ee728b)  -> (artifact id: '0b3a0108dc774e283ef33b020454d11a') in 0.101107 seconds 
