Using pre-set license
Built from '2021.3/staging' branch; Version is '2021.3.18f1 (3129e69bc0c7) revision 3221990'; Using compiler version '192829333'; Build Type 'Release'
OS: 'Windows 11  (10.0.22621) 64bit Core' Language: 'en' Physical Memory: 49068 MB
BatchMode: 1, IsHumanControllingUs: 0, StartBugReporterOnCrash: 0, Is64bit: 1, IsPro: 1

COMMAND LINE ARGUMENTS:
C:\Program Files\Unity\Hub\Editor\2019.4.16f1\Editor\2021.3.18f1\Editor\Unity.exe
-adb2
-batchMode
-noUpm
-name
AssetImportWorker4
-projectPath
C:/Users/wanye/source/3D-User-Interfaces-for-VR/Project 1 - Jedi Training
-logFile
Logs/AssetImportWorker4.log
-srvPort
61871
Successfully changed project path to: C:/Users/wanye/source/3D-User-Interfaces-for-VR/Project 1 - Jedi Training
C:/Users/wanye/source/3D-User-Interfaces-for-VR/Project 1 - Jedi Training
[UnityMemory] Configuration Parameters - Can be set up in boot.config
    "memorysetup-bucket-allocator-granularity=16"
    "memorysetup-bucket-allocator-bucket-count=8"
    "memorysetup-bucket-allocator-block-size=33554432"
    "memorysetup-bucket-allocator-block-count=8"
    "memorysetup-main-allocator-block-size=16777216"
    "memorysetup-thread-allocator-block-size=16777216"
    "memorysetup-gfx-main-allocator-block-size=16777216"
    "memorysetup-gfx-thread-allocator-block-size=16777216"
    "memorysetup-cache-allocator-block-size=4194304"
    "memorysetup-typetree-allocator-block-size=2097152"
    "memorysetup-profiler-bucket-allocator-granularity=16"
    "memorysetup-profiler-bucket-allocator-bucket-count=8"
    "memorysetup-profiler-bucket-allocator-block-size=33554432"
    "memorysetup-profiler-bucket-allocator-block-count=8"
    "memorysetup-profiler-allocator-block-size=16777216"
    "memorysetup-profiler-editor-allocator-block-size=1048576"
    "memorysetup-temp-allocator-size-main=16777216"
    "memorysetup-job-temp-allocator-block-size=2097152"
    "memorysetup-job-temp-allocator-block-size-background=1048576"
    "memorysetup-job-temp-allocator-reduction-small-platforms=262144"
    "memorysetup-temp-allocator-size-background-worker=32768"
    "memorysetup-temp-allocator-size-job-worker=262144"
    "memorysetup-temp-allocator-size-preload-manager=33554432"
    "memorysetup-temp-allocator-size-nav-mesh-worker=65536"
    "memorysetup-temp-allocator-size-audio-worker=65536"
    "memorysetup-temp-allocator-size-cloud-worker=32768"
    "memorysetup-temp-allocator-size-gi-baking-worker=262144"
    "memorysetup-temp-allocator-size-gfx=262144"
Player connection [16308] Host "[IP] 10.127.16.58 [Port] 0 [Flags] 2 [Guid] 1068960413 [EditorId] 1068960413 [Version] 1048832 [Id] WindowsEditor(7,Wanyea-DESKTOP) [Debug] 1 [PackageName] WindowsEditor [ProjectName] Editor" joined multi-casting on [225.0.0.222:54997]...

Player connection [16308] Host "[IP] 10.127.16.58 [Port] 0 [Flags] 2 [Guid] 1068960413 [EditorId] 1068960413 [Version] 1048832 [Id] WindowsEditor(7,Wanyea-DESKTOP) [Debug] 1 [PackageName] WindowsEditor [ProjectName] Editor" joined alternative multi-casting on [225.0.0.222:34997]...

Refreshing native plugins compatible for Editor in 562.38 ms, found 8 plugins.
Preloading 1 native plugins for Editor in 1.03 ms.
Initialize engine version: 2021.3.18f1 (3129e69bc0c7)
[Subsystems] Discovering subsystems at path C:/Program Files/Unity/Hub/Editor/2019.4.16f1/Editor/2021.3.18f1/Editor/Data/Resources/UnitySubsystems
[Subsystems] Discovering subsystems at path C:/Users/wanye/source/3D-User-Interfaces-for-VR/Project 1 - Jedi Training/Assets
GfxDevice: creating device client; threaded=0; jobified=0
Direct3D:
    Version:  Direct3D 11.0 [level 11.1]
    Renderer: Radeon RX 580 Series (ID=0x67df)
    Vendor:   ATI
    VRAM:     8170 MB
    Driver:   31.0.12029.7019
Shader 'Oculus/OVRMRCameraFrameLit': fallback shader 'Alpha-Diffuse' not found
Initialize mono
Mono path[0] = 'C:/Program Files/Unity/Hub/Editor/2019.4.16f1/Editor/2021.3.18f1/Editor/Data/Managed'
Mono path[1] = 'C:/Program Files/Unity/Hub/Editor/2019.4.16f1/Editor/2021.3.18f1/Editor/Data/MonoBleedingEdge/lib/mono/unityjit-win32'
Mono config path = 'C:/Program Files/Unity/Hub/Editor/2019.4.16f1/Editor/2021.3.18f1/Editor/Data/MonoBleedingEdge/etc'
Using monoOptions --debugger-agent=transport=dt_socket,embedding=1,server=y,suspend=n,address=127.0.0.1:56184
Begin MonoManager ReloadAssembly
Registering precompiled unity dll's ...
Register platform support module: C:/Program Files/Unity/Hub/Editor/2019.4.16f1/Editor/2021.3.18f1/Editor/Data/PlaybackEngines/AndroidPlayer/UnityEditor.Android.Extensions.dll
Register platform support module: C:/Program Files/Unity/Hub/Editor/2019.4.16f1/Editor/2021.3.18f1/Editor/Data/PlaybackEngines/WindowsStandaloneSupport/UnityEditor.WindowsStandalone.Extensions.dll
Registered in 0.019572 seconds.
Native extension for WindowsStandalone target not found
Native extension for Android target not found
Android Extension - Scanning For ADB Devices 1184 ms
Refreshing native plugins compatible for Editor in 219.71 ms, found 8 plugins.
Preloading 1 native plugins for Editor in 0.08 ms.
Mono: successfully reloaded assembly
- Completed reload, in  2.939 seconds
Domain Reload Profiling:
	ReloadAssembly (2963ms)
		BeginReloadAssembly (186ms)
			ExecutionOrderSort (0ms)
			DisableScriptedObjects (0ms)
			BackupInstance (0ms)
			ReleaseScriptingObjects (0ms)
			CreateAndSetChildDomain (2ms)
		EndReloadAssembly (2560ms)
			LoadAssemblies (162ms)
			RebuildTransferFunctionScriptingTraits (1ms)
			SetupTypeCache (250ms)
			ReleaseScriptCaches (0ms)
			RebuildScriptCaches (67ms)
			SetupLoadedEditorAssemblies (2100ms)
				LogAssemblyErrors (0ms)
				InitializePlatformSupportModulesInManaged (1606ms)
				SetLoadedEditorAssemblies (0ms)
				RefreshPlugins (220ms)
				BeforeProcessingInitializeOnLoad (2ms)
				ProcessInitializeOnLoadAttributes (163ms)
				ProcessInitializeOnLoadMethodAttributes (108ms)
				AfterProcessingInitializeOnLoad (0ms)
				EditorAssembliesLoaded (0ms)
			ExecutionOrderSort2 (0ms)
			AwakeInstancesAfterBackupRestoration (0ms)
Platform modules already initialized, skipping
Registering precompiled user dll's ...
Registered in 0.009191 seconds.
Begin MonoManager ReloadAssembly
Symbol file LoadedFromMemory doesn't match image C:\Users\wanye\source\3D-User-Interfaces-for-VR\Project 1 - Jedi Training\Library\PackageCache\com.unity.visualscripting@1.8.0\Editor\VisualScripting.Core\Dependencies\DotNetZip\Unity.VisualScripting.IonicZip.dll
Symbol file LoadedFromMemory doesn't match image C:\Users\wanye\source\3D-User-Interfaces-for-VR\Project 1 - Jedi Training\Library\PackageCache\com.unity.visualscripting@1.8.0\Editor\VisualScripting.Core\Dependencies\YamlDotNet\Unity.VisualScripting.YamlDotNet.dll
Native extension for WindowsStandalone target not found
Native extension for Android target not found
Refreshing native plugins compatible for Editor in 1.37 ms, found 8 plugins.
Preloading 1 native plugins for Editor in 0.11 ms.
Package Manager log level set to [2]
[XR] OculusXRPlugin: registering subsystems
[XR] Unable to register display lifecyle provider: [1]
[XR] Oculus Input lifecycle provider registered.
[XR] Unable to register input lifecyle provider: [1]
[XR] OVRP version 1.79.0
Mono: successfully reloaded assembly
- Completed reload, in  3.806 seconds
Domain Reload Profiling:
	ReloadAssembly (3807ms)
		BeginReloadAssembly (152ms)
			ExecutionOrderSort (0ms)
			DisableScriptedObjects (7ms)
			BackupInstance (0ms)
			ReleaseScriptingObjects (0ms)
			CreateAndSetChildDomain (42ms)
		EndReloadAssembly (2240ms)
			LoadAssemblies (124ms)
			RebuildTransferFunctionScriptingTraits (0ms)
			SetupTypeCache (601ms)
			ReleaseScriptCaches (1ms)
			RebuildScriptCaches (157ms)
			SetupLoadedEditorAssemblies (1237ms)
				LogAssemblyErrors (0ms)
				InitializePlatformSupportModulesInManaged (20ms)
				SetLoadedEditorAssemblies (0ms)
				RefreshPlugins (2ms)
				BeforeProcessingInitializeOnLoad (142ms)
				ProcessInitializeOnLoadAttributes (949ms)
				ProcessInitializeOnLoadMethodAttributes (67ms)
				AfterProcessingInitializeOnLoad (57ms)
				EditorAssembliesLoaded (0ms)
			ExecutionOrderSort2 (0ms)
			AwakeInstancesAfterBackupRestoration (13ms)
Platform modules already initialized, skipping
========================================================================
Worker process is ready to serve import requests
Shader 'Oculus/OVRMRCameraFrameLit': fallback shader 'Alpha-Diffuse' not found
Launched and connected shader compiler UnityShaderCompiler.exe after 0.43 seconds
Refreshing native plugins compatible for Editor in 1.36 ms, found 8 plugins.
Preloading 1 native plugins for Editor in 0.08 ms.
Unloading 4490 Unused Serialized files (Serialized files now loaded: 0)
Unloading 53 unused Assets / (136.6 KB). Loaded Objects now: 4941.
Memory consumption went from 167.5 MB to 167.4 MB.
Total: 39.275900 ms (FindLiveObjects: 0.747700 ms CreateObjectMapping: 0.232800 ms MarkObjects: 38.042100 ms  DeleteObjects: 0.251300 ms)

AssetImportParameters requested are different than current active one (requested -> active):
  custom:video-decoder-ogg-theora: a1e56fd34408186e4bbccfd4996cb3dc -> 
  custom:container-muxer-webm: aa71ff27fc2769a1b78a27578f13a17b -> 
  custom:container-demuxer-webm: 4f35f7cbe854078d1ac9338744f61a02 -> 
  custom:video-encoder-webm-vp8: eb34c28f22e8b96e1ab97ce403110664 -> 
  custom:audio-encoder-webm-vorbis: bf7c407c2cedff20999df2af8eb42d56 -> 
  custom:framework-win-MediaFoundation: 216162199b28c13a410421893ffa2e32 -> 
  custom:container-demuxer-ogg: 62fdf1f143b41e24485cea50d1cbac27 -> 
  custom:video-decoder-webm-vp8: 9c59270c3fd7afecdb556c50c9e8de78 -> 
  custom:audio-decoder-ogg-vorbis: bf7c407c2cedff20999df2af8eb42d56 -> 
========================================================================
Received Import Request.
  Time since last request: 348099.928329 seconds.
  path: Assets/_Creepy_Cat/_3D Scifi Kit Starter Kit/_Prefabs
  artifactKey: Guid(cd2b46571c1dc4351ad4e1933a370f07) Importer(815301076,1909f56bfc062723c751e8b465ee728b)
Start importing Assets/_Creepy_Cat/_3D Scifi Kit Starter Kit/_Prefabs using Guid(cd2b46571c1dc4351ad4e1933a370f07) Importer(815301076,1909f56bfc062723c751e8b465ee728b)  -> (artifact id: 'a32b3c2f509863eb7b8d4cabcdaa6d4b') in 0.011075 seconds 
========================================================================
Received Import Request.
  Time since last request: 0.058589 seconds.
  path: Assets/_Creepy_Cat/_3D Scifi Kit Starter Kit/_Prefabs/Column_01.prefab
  artifactKey: Guid(73bb8072738d94b1b92f322b86fd7a6d) Importer(815301076,1909f56bfc062723c751e8b465ee728b)
Start importing Assets/_Creepy_Cat/_3D Scifi Kit Starter Kit/_Prefabs/Column_01.prefab using Guid(73bb8072738d94b1b92f322b86fd7a6d) Importer(815301076,1909f56bfc062723c751e8b465ee728b)  -> (artifact id: 'cceb10c378cbed5830a09586feafdde0') in 2.610224 seconds 
========================================================================
Received Import Request.
  Time since last request: 0.000035 seconds.
  path: Assets/_Creepy_Cat/_3D Scifi Kit Starter Kit/_Prefabs/Roof_Angle_01.prefab
  artifactKey: Guid(82eeb3ff2806447af808cf7902d10ccb) Importer(815301076,1909f56bfc062723c751e8b465ee728b)
Start importing Assets/_Creepy_Cat/_3D Scifi Kit Starter Kit/_Prefabs/Roof_Angle_01.prefab using Guid(82eeb3ff2806447af808cf7902d10ccb) Importer(815301076,1909f56bfc062723c751e8b465ee728b)  -> (artifact id: '62d7d1c35426a73bff7922fd468f88d4') in 1.187115 seconds 
========================================================================
Received Import Request.
  Time since last request: 0.000034 seconds.
  path: Assets/_Creepy_Cat/_3D Scifi Kit Starter Kit/_Prefabs/Wall_Angle_01.prefab
  artifactKey: Guid(4cd8b95e91b614e728206538b125f079) Importer(815301076,1909f56bfc062723c751e8b465ee728b)
Start importing Assets/_Creepy_Cat/_3D Scifi Kit Starter Kit/_Prefabs/Wall_Angle_01.prefab using Guid(4cd8b95e91b614e728206538b125f079) Importer(815301076,1909f56bfc062723c751e8b465ee728b)  -> (artifact id: '4b77eba9a48d3777096fe995061a43d3') in 1.332403 seconds 
========================================================================
Received Import Request.
  Time since last request: 0.000023 seconds.
  path: Assets/_Creepy_Cat/_3D Scifi Kit Starter Kit/_Prefabs/Wall_Door_01.prefab
  artifactKey: Guid(0d230c531de504354a04d9f3b00170c6) Importer(815301076,1909f56bfc062723c751e8b465ee728b)
Start importing Assets/_Creepy_Cat/_3D Scifi Kit Starter Kit/_Prefabs/Wall_Door_01.prefab using Guid(0d230c531de504354a04d9f3b00170c6) Importer(815301076,1909f56bfc062723c751e8b465ee728b)  -> (artifact id: '76b93af2158aaca93928c0c9494c3993') in 1.940051 seconds 
========================================================================
Received Import Request.
  Time since last request: 0.000049 seconds.
  path: Assets/_Creepy_Cat/_3D Scifi Kit Starter Kit/_Prefabs/Wall_Normal_02.prefab
  artifactKey: Guid(2177dc4f0f0bf4715a8307d8c5d17d2f) Importer(815301076,1909f56bfc062723c751e8b465ee728b)
Start importing Assets/_Creepy_Cat/_3D Scifi Kit Starter Kit/_Prefabs/Wall_Normal_02.prefab using Guid(2177dc4f0f0bf4715a8307d8c5d17d2f) Importer(815301076,1909f56bfc062723c751e8b465ee728b)  -> (artifact id: '7dfa1e30bf73d57bc530bf63c63bd382') in 1.030680 seconds 
========================================================================
Received Import Request.
  Time since last request: 0.000025 seconds.
  path: Assets/_Creepy_Cat/_3D Scifi Kit Starter Kit/_Prefabs/Wall_Normal_01.prefab
  artifactKey: Guid(c69ca5d4562934b8c8d61b46a4214978) Importer(815301076,1909f56bfc062723c751e8b465ee728b)
Start importing Assets/_Creepy_Cat/_3D Scifi Kit Starter Kit/_Prefabs/Wall_Normal_01.prefab using Guid(c69ca5d4562934b8c8d61b46a4214978) Importer(815301076,1909f56bfc062723c751e8b465ee728b)  -> (artifact id: 'e61accea45cc8a67f53e2ac9cac8bdd8') in 1.064518 seconds 
========================================================================
Received Import Request.
  Time since last request: 30.100998 seconds.
  path: Assets/_Creepy_Cat/_3D Showroom Free/_Textures/Hard_Surface_01_Ao.png
  artifactKey: Guid(c4795c745f403974a979cf08ac8b5d64) Importer(815301076,1909f56bfc062723c751e8b465ee728b)
Start importing Assets/_Creepy_Cat/_3D Showroom Free/_Textures/Hard_Surface_01_Ao.png using Guid(c4795c745f403974a979cf08ac8b5d64) Importer(815301076,1909f56bfc062723c751e8b465ee728b)  -> (artifact id: '6eb04540dd6199eb041f040b9ba904fe') in 1.013099 seconds 
========================================================================
Received Import Request.
  Time since last request: 0.000033 seconds.
  path: Assets/_Creepy_Cat/_3D Showroom Free/_Textures/Logo.png
  artifactKey: Guid(93825d8e3a247654982a38af00788f45) Importer(815301076,1909f56bfc062723c751e8b465ee728b)
Start importing Assets/_Creepy_Cat/_3D Showroom Free/_Textures/Logo.png using Guid(93825d8e3a247654982a38af00788f45) Importer(815301076,1909f56bfc062723c751e8b465ee728b)  -> (artifact id: '5287893235dc44435c97b2a277218a91') in 0.413305 seconds 
========================================================================
Received Import Request.
  Time since last request: 0.000033 seconds.
  path: Assets/_Creepy_Cat/_3D Showroom Free/_Textures/Hard_Surface_01_Metal.tif
  artifactKey: Guid(34e23a454c8cedb4cb8c013abc5ffd6b) Importer(815301076,1909f56bfc062723c751e8b465ee728b)
Start importing Assets/_Creepy_Cat/_3D Showroom Free/_Textures/Hard_Surface_01_Metal.tif using Guid(34e23a454c8cedb4cb8c013abc5ffd6b) Importer(815301076,1909f56bfc062723c751e8b465ee728b)  -> (artifact id: 'e8f6913e2c81b91fd915b9dbef74344a') in 0.231004 seconds 
========================================================================
Received Import Request.
  Time since last request: 74.880982 seconds.
  path: Assets/_Creepy_Cat/_3D Showroom Free/_Prefabs/P_Showroom_01.prefab
  artifactKey: Guid(9fd65da602ae57746b4a20725b9a69d1) Importer(815301076,1909f56bfc062723c751e8b465ee728b)
Start importing Assets/_Creepy_Cat/_3D Showroom Free/_Prefabs/P_Showroom_01.prefab using Guid(9fd65da602ae57746b4a20725b9a69d1) Importer(815301076,1909f56bfc062723c751e8b465ee728b)  -> (artifact id: '601aba66f0553d1222de9bf14d7eed96') in 1.322609 seconds 
========================================================================
Received Import Request.
  Time since last request: 19.866014 seconds.
  path: Assets/_Creepy_Cat/_3D Showroom Free/_Prefabs/P_Showroom_01.prefab
  artifactKey: Guid(9fd65da602ae57746b4a20725b9a69d1) Importer(815301076,1909f56bfc062723c751e8b465ee728b)
Start importing Assets/_Creepy_Cat/_3D Showroom Free/_Prefabs/P_Showroom_01.prefab using Guid(9fd65da602ae57746b4a20725b9a69d1) Importer(815301076,1909f56bfc062723c751e8b465ee728b)  -> (artifact id: '1a5d0e56e1857eb28e7c1dccbd963f50') in 1.415326 seconds 
========================================================================
Received Import Request.
  Time since last request: 2.263557 seconds.
  path: Assets/_Creepy_Cat/_3D Showroom Free/_Prefabs/P_Showroom_01.prefab
  artifactKey: Guid(9fd65da602ae57746b4a20725b9a69d1) Importer(815301076,1909f56bfc062723c751e8b465ee728b)
Start importing Assets/_Creepy_Cat/_3D Showroom Free/_Prefabs/P_Showroom_01.prefab using Guid(9fd65da602ae57746b4a20725b9a69d1) Importer(815301076,1909f56bfc062723c751e8b465ee728b)  -> (artifact id: '3cfccd371f491fa3cbe3bc5a377ba56f') in 1.578248 seconds 
========================================================================
Received Import Request.
  Time since last request: 8.003008 seconds.
  path: Assets/_Creepy_Cat/_3D Showroom Free/_Prefabs/P_Showroom_01.prefab
  artifactKey: Guid(9fd65da602ae57746b4a20725b9a69d1) Importer(815301076,1909f56bfc062723c751e8b465ee728b)
Start importing Assets/_Creepy_Cat/_3D Showroom Free/_Prefabs/P_Showroom_01.prefab using Guid(9fd65da602ae57746b4a20725b9a69d1) Importer(815301076,1909f56bfc062723c751e8b465ee728b)  -> (artifact id: 'f0781a04a09ba1b9752a3f43cd0a4d9d') in 1.554352 seconds 
========================================================================
Received Import Request.
  Time since last request: 3.256923 seconds.
  path: Assets/_Creepy_Cat/_3D Showroom Free/_Prefabs/P_Showroom_01.prefab
  artifactKey: Guid(9fd65da602ae57746b4a20725b9a69d1) Importer(815301076,1909f56bfc062723c751e8b465ee728b)
Start importing Assets/_Creepy_Cat/_3D Showroom Free/_Prefabs/P_Showroom_01.prefab using Guid(9fd65da602ae57746b4a20725b9a69d1) Importer(815301076,1909f56bfc062723c751e8b465ee728b)  -> (artifact id: 'f958eef498055ba9c6889a6b3b7c793a') in 1.561799 seconds 
========================================================================
Received Import Request.
  Time since last request: 6.253920 seconds.
  path: Assets/_Creepy_Cat/_3D Showroom Free/_Prefabs/P_Showroom_01.prefab
  artifactKey: Guid(9fd65da602ae57746b4a20725b9a69d1) Importer(815301076,1909f56bfc062723c751e8b465ee728b)
Start importing Assets/_Creepy_Cat/_3D Showroom Free/_Prefabs/P_Showroom_01.prefab using Guid(9fd65da602ae57746b4a20725b9a69d1) Importer(815301076,1909f56bfc062723c751e8b465ee728b)  -> (artifact id: 'bc98a474c8ee201d794f001584996cdf') in 1.556042 seconds 
========================================================================
Received Import Request.
  Time since last request: 24.614341 seconds.
  path: Assets/_Creepy_Cat/_3D Showroom Free/_Prefabs/P_Showroom_01.prefab
  artifactKey: Guid(9fd65da602ae57746b4a20725b9a69d1) Importer(815301076,1909f56bfc062723c751e8b465ee728b)
Start importing Assets/_Creepy_Cat/_3D Showroom Free/_Prefabs/P_Showroom_01.prefab using Guid(9fd65da602ae57746b4a20725b9a69d1) Importer(815301076,1909f56bfc062723c751e8b465ee728b)  -> (artifact id: '95d3347785145cb0ede65fdfde702519') in 1.324080 seconds 
========================================================================
Received Import Request.
  Time since last request: 2.088318 seconds.
  path: Assets/_Creepy_Cat/_3D Showroom Free/_Prefabs/P_Showroom_01.prefab
  artifactKey: Guid(9fd65da602ae57746b4a20725b9a69d1) Importer(815301076,1909f56bfc062723c751e8b465ee728b)
Start importing Assets/_Creepy_Cat/_3D Showroom Free/_Prefabs/P_Showroom_01.prefab using Guid(9fd65da602ae57746b4a20725b9a69d1) Importer(815301076,1909f56bfc062723c751e8b465ee728b)  -> (artifact id: 'b5ec8f90533194707ab30de8c799ceb1') in 1.586117 seconds 
========================================================================
Received Import Request.
  Time since last request: 12.790684 seconds.
  path: Assets/_Creepy_Cat/_3D Showroom Free/_Prefabs/P_Showroom_01.prefab
  artifactKey: Guid(9fd65da602ae57746b4a20725b9a69d1) Importer(815301076,1909f56bfc062723c751e8b465ee728b)
Start importing Assets/_Creepy_Cat/_3D Showroom Free/_Prefabs/P_Showroom_01.prefab using Guid(9fd65da602ae57746b4a20725b9a69d1) Importer(815301076,1909f56bfc062723c751e8b465ee728b)  -> (artifact id: 'c6ff6647650670e5564586d9cb0b8065') in 1.872239 seconds 
========================================================================
Received Import Request.
  Time since last request: 17.756260 seconds.
  path: Assets/_Creepy_Cat/_3D Showroom Free/_Prefabs/P_Showroom_01.prefab
  artifactKey: Guid(9fd65da602ae57746b4a20725b9a69d1) Importer(815301076,1909f56bfc062723c751e8b465ee728b)
Start importing Assets/_Creepy_Cat/_3D Showroom Free/_Prefabs/P_Showroom_01.prefab using Guid(9fd65da602ae57746b4a20725b9a69d1) Importer(815301076,1909f56bfc062723c751e8b465ee728b)  -> (artifact id: '0d3edbf0b320cf55b8d751334eeec941') in 1.562290 seconds 
========================================================================
Received Import Request.
  Time since last request: 24.140643 seconds.
  path: Assets/_Creepy_Cat/_3D Showroom Free/_Prefabs/P_Showroom_01.prefab
  artifactKey: Guid(9fd65da602ae57746b4a20725b9a69d1) Importer(815301076,1909f56bfc062723c751e8b465ee728b)
Start importing Assets/_Creepy_Cat/_3D Showroom Free/_Prefabs/P_Showroom_01.prefab using Guid(9fd65da602ae57746b4a20725b9a69d1) Importer(815301076,1909f56bfc062723c751e8b465ee728b)  -> (artifact id: '17f3fc0608d98391abe28118a14d0dad') in 1.824435 seconds 
========================================================================
Received Import Request.
  Time since last request: 10.311010 seconds.
  path: Assets/_Creepy_Cat/_3D Showroom Free/_Prefabs/P_Showroom_01.prefab
  artifactKey: Guid(9fd65da602ae57746b4a20725b9a69d1) Importer(815301076,1909f56bfc062723c751e8b465ee728b)
Start importing Assets/_Creepy_Cat/_3D Showroom Free/_Prefabs/P_Showroom_01.prefab using Guid(9fd65da602ae57746b4a20725b9a69d1) Importer(815301076,1909f56bfc062723c751e8b465ee728b)  -> (artifact id: 'a9bf10a3e0ad39274de5c2f258be9c5e') in 1.541737 seconds 
========================================================================
Received Import Request.
  Time since last request: 46.837420 seconds.
  path: Assets/_Creepy_Cat/_3D Showroom Free/_Prefabs/P_Showroom_01.prefab
  artifactKey: Guid(9fd65da602ae57746b4a20725b9a69d1) Importer(815301076,1909f56bfc062723c751e8b465ee728b)
Start importing Assets/_Creepy_Cat/_3D Showroom Free/_Prefabs/P_Showroom_01.prefab using Guid(9fd65da602ae57746b4a20725b9a69d1) Importer(815301076,1909f56bfc062723c751e8b465ee728b)  -> (artifact id: '2d0d438ae95a6ec03eea7c23fe927bd2') in 1.819103 seconds 
========================================================================
Received Import Request.
  Time since last request: 11.101286 seconds.
  path: Assets/_Creepy_Cat/_3D Showroom Free/_Prefabs/P_Showroom_01.prefab
  artifactKey: Guid(9fd65da602ae57746b4a20725b9a69d1) Importer(815301076,1909f56bfc062723c751e8b465ee728b)
Start importing Assets/_Creepy_Cat/_3D Showroom Free/_Prefabs/P_Showroom_01.prefab using Guid(9fd65da602ae57746b4a20725b9a69d1) Importer(815301076,1909f56bfc062723c751e8b465ee728b)  -> (artifact id: '8bb795d3913c1a271df390b01199954c') in 1.510150 seconds 
========================================================================
Received Import Request.
  Time since last request: 0.602057 seconds.
  path: Assets/_Creepy_Cat/_3D Showroom Free/_Prefabs/P_Showroom_01.prefab
  artifactKey: Guid(9fd65da602ae57746b4a20725b9a69d1) Importer(815301076,1909f56bfc062723c751e8b465ee728b)
Start importing Assets/_Creepy_Cat/_3D Showroom Free/_Prefabs/P_Showroom_01.prefab using Guid(9fd65da602ae57746b4a20725b9a69d1) Importer(815301076,1909f56bfc062723c751e8b465ee728b)  -> (artifact id: 'acb6e19e38d456434864d35b2c177116') in 1.838471 seconds 
========================================================================
Received Import Request.
  Time since last request: 1.514893 seconds.
  path: Assets/_Creepy_Cat/_3D Showroom Free/_Prefabs/P_Showroom_01.prefab
  artifactKey: Guid(9fd65da602ae57746b4a20725b9a69d1) Importer(815301076,1909f56bfc062723c751e8b465ee728b)
Start importing Assets/_Creepy_Cat/_3D Showroom Free/_Prefabs/P_Showroom_01.prefab using Guid(9fd65da602ae57746b4a20725b9a69d1) Importer(815301076,1909f56bfc062723c751e8b465ee728b)  -> (artifact id: 'e126316ad8abcb9b438f0bb659de0271') in 1.558331 seconds 
========================================================================
Received Import Request.
  Time since last request: 24.538634 seconds.
  path: Assets/_Creepy_Cat/_3D Showroom Free/_Prefabs/P_Showroom_01.prefab
  artifactKey: Guid(9fd65da602ae57746b4a20725b9a69d1) Importer(815301076,1909f56bfc062723c751e8b465ee728b)
Start importing Assets/_Creepy_Cat/_3D Showroom Free/_Prefabs/P_Showroom_01.prefab using Guid(9fd65da602ae57746b4a20725b9a69d1) Importer(815301076,1909f56bfc062723c751e8b465ee728b)  -> (artifact id: '824f4eaf2bba8650bea23f508aaefef9') in 1.796155 seconds 
========================================================================
Received Import Request.
  Time since last request: 3.005763 seconds.
  path: Assets/_Creepy_Cat/_3D Showroom Free/_Prefabs/P_Showroom_01.prefab
  artifactKey: Guid(9fd65da602ae57746b4a20725b9a69d1) Importer(815301076,1909f56bfc062723c751e8b465ee728b)
Start importing Assets/_Creepy_Cat/_3D Showroom Free/_Prefabs/P_Showroom_01.prefab using Guid(9fd65da602ae57746b4a20725b9a69d1) Importer(815301076,1909f56bfc062723c751e8b465ee728b)  -> (artifact id: '66bda1ebcdd9a29c37b1947d58577059') in 1.566848 seconds 
========================================================================
Received Import Request.
  Time since last request: 13.060297 seconds.
  path: Assets/_Creepy_Cat/_3D Showroom Free/_Prefabs/P_Showroom_01.prefab
  artifactKey: Guid(9fd65da602ae57746b4a20725b9a69d1) Importer(815301076,1909f56bfc062723c751e8b465ee728b)
Start importing Assets/_Creepy_Cat/_3D Showroom Free/_Prefabs/P_Showroom_01.prefab using Guid(9fd65da602ae57746b4a20725b9a69d1) Importer(815301076,1909f56bfc062723c751e8b465ee728b)  -> (artifact id: '3975eafe30c73f4ac7abe2522aca2934') in 1.928429 seconds 
========================================================================
Received Import Request.
  Time since last request: 7.779631 seconds.
  path: Assets/_Creepy_Cat/_3D Showroom Free/_Prefabs/P_Showroom_01.prefab
  artifactKey: Guid(9fd65da602ae57746b4a20725b9a69d1) Importer(815301076,1909f56bfc062723c751e8b465ee728b)
Start importing Assets/_Creepy_Cat/_3D Showroom Free/_Prefabs/P_Showroom_01.prefab using Guid(9fd65da602ae57746b4a20725b9a69d1) Importer(815301076,1909f56bfc062723c751e8b465ee728b)  -> (artifact id: '7d91c28aeb7dbeac0d7e09ba3e917b96') in 1.633751 seconds 
========================================================================
Received Import Request.
  Time since last request: 9.527149 seconds.
  path: Assets/_Creepy_Cat/_3D Showroom Free/_Prefabs/P_Showroom_01.prefab
  artifactKey: Guid(9fd65da602ae57746b4a20725b9a69d1) Importer(815301076,1909f56bfc062723c751e8b465ee728b)
Start importing Assets/_Creepy_Cat/_3D Showroom Free/_Prefabs/P_Showroom_01.prefab using Guid(9fd65da602ae57746b4a20725b9a69d1) Importer(815301076,1909f56bfc062723c751e8b465ee728b)  -> (artifact id: '6a3b6f398d4c5aea7b798dc76cf38640') in 1.750200 seconds 
========================================================================
Received Import Request.
  Time since last request: 0.469246 seconds.
  path: Assets/_Creepy_Cat/_3D Showroom Free/_Prefabs/P_Showroom_01.prefab
  artifactKey: Guid(9fd65da602ae57746b4a20725b9a69d1) Importer(815301076,1909f56bfc062723c751e8b465ee728b)
Start importing Assets/_Creepy_Cat/_3D Showroom Free/_Prefabs/P_Showroom_01.prefab using Guid(9fd65da602ae57746b4a20725b9a69d1) Importer(815301076,1909f56bfc062723c751e8b465ee728b)  -> (artifact id: '6f6c29ba95fad3fcdd5360d109aa742a') in 1.862294 seconds 
========================================================================
Received Import Request.
  Time since last request: 15.363948 seconds.
  path: Assets/_Creepy_Cat/_3D Showroom Free/_Prefabs/P_Showroom_01.prefab
  artifactKey: Guid(9fd65da602ae57746b4a20725b9a69d1) Importer(815301076,1909f56bfc062723c751e8b465ee728b)
Start importing Assets/_Creepy_Cat/_3D Showroom Free/_Prefabs/P_Showroom_01.prefab using Guid(9fd65da602ae57746b4a20725b9a69d1) Importer(815301076,1909f56bfc062723c751e8b465ee728b)  -> (artifact id: '14d14ecdf14a9c8d8f9c5404f83f714f') in 1.866798 seconds 
========================================================================
Received Import Request.
  Time since last request: 0.831435 seconds.
  path: Assets/_Creepy_Cat/_3D Showroom Free/_Prefabs/P_Showroom_01.prefab
  artifactKey: Guid(9fd65da602ae57746b4a20725b9a69d1) Importer(815301076,1909f56bfc062723c751e8b465ee728b)
Start importing Assets/_Creepy_Cat/_3D Showroom Free/_Prefabs/P_Showroom_01.prefab using Guid(9fd65da602ae57746b4a20725b9a69d1) Importer(815301076,1909f56bfc062723c751e8b465ee728b)  -> (artifact id: 'e4305008ed5b2314071b37b4104a6562') in 1.754282 seconds 
========================================================================
Received Import Request.
  Time since last request: 26.618640 seconds.
  path: Assets/_Creepy_Cat/_3D Showroom Free/_Prefabs/P_Showroom_01.prefab
  artifactKey: Guid(9fd65da602ae57746b4a20725b9a69d1) Importer(815301076,1909f56bfc062723c751e8b465ee728b)
Start importing Assets/_Creepy_Cat/_3D Showroom Free/_Prefabs/P_Showroom_01.prefab using Guid(9fd65da602ae57746b4a20725b9a69d1) Importer(815301076,1909f56bfc062723c751e8b465ee728b)  -> (artifact id: '4658b51738640caad6c4c18977ffb307') in 1.835117 seconds 
========================================================================
Received Import Request.
  Time since last request: 6.288082 seconds.
  path: Assets/_Creepy_Cat/_3D Showroom Free/_Prefabs/P_Showroom_01.prefab
  artifactKey: Guid(9fd65da602ae57746b4a20725b9a69d1) Importer(815301076,1909f56bfc062723c751e8b465ee728b)
Start importing Assets/_Creepy_Cat/_3D Showroom Free/_Prefabs/P_Showroom_01.prefab using Guid(9fd65da602ae57746b4a20725b9a69d1) Importer(815301076,1909f56bfc062723c751e8b465ee728b)  -> (artifact id: 'c279adf5b29d6d56636018bacf4e3499') in 2.257550 seconds 
========================================================================
Received Prepare
Registering precompiled user dll's ...
Registered in 0.005650 seconds.
Begin MonoManager ReloadAssembly
Symbol file LoadedFromMemory doesn't match image C:\Users\wanye\source\3D-User-Interfaces-for-VR\Project 1 - Jedi Training\Library\PackageCache\com.unity.visualscripting@1.8.0\Editor\VisualScripting.Core\Dependencies\DotNetZip\Unity.VisualScripting.IonicZip.dll
Symbol file LoadedFromMemory doesn't match image C:\Users\wanye\source\3D-User-Interfaces-for-VR\Project 1 - Jedi Training\Library\PackageCache\com.unity.visualscripting@1.8.0\Editor\VisualScripting.Core\Dependencies\YamlDotNet\Unity.VisualScripting.YamlDotNet.dll
Native extension for WindowsStandalone target not found
Native extension for Android target not found
Refreshing native plugins compatible for Editor in 1.04 ms, found 8 plugins.
Preloading 1 native plugins for Editor in 0.06 ms.
Mono: successfully reloaded assembly
- Completed reload, in  0.975 seconds
Domain Reload Profiling:
	ReloadAssembly (975ms)
		BeginReloadAssembly (121ms)
			ExecutionOrderSort (0ms)
			DisableScriptedObjects (4ms)
			BackupInstance (0ms)
			ReleaseScriptingObjects (0ms)
			CreateAndSetChildDomain (38ms)
		EndReloadAssembly (764ms)
			LoadAssemblies (76ms)
			RebuildTransferFunctionScriptingTraits (0ms)
			SetupTypeCache (260ms)
			ReleaseScriptCaches (1ms)
			RebuildScriptCaches (37ms)
			SetupLoadedEditorAssemblies (323ms)
				LogAssemblyErrors (0ms)
				InitializePlatformSupportModulesInManaged (19ms)
				SetLoadedEditorAssemblies (0ms)
				RefreshPlugins (1ms)
				BeforeProcessingInitializeOnLoad (71ms)
				ProcessInitializeOnLoadAttributes (206ms)
				ProcessInitializeOnLoadMethodAttributes (19ms)
				AfterProcessingInitializeOnLoad (6ms)
				EditorAssembliesLoaded (1ms)
			ExecutionOrderSort2 (0ms)
			AwakeInstancesAfterBackupRestoration (13ms)
Platform modules already initialized, skipping
Shader 'Oculus/OVRMRCameraFrameLit': fallback shader 'Alpha-Diffuse' not found
Refreshing native plugins compatible for Editor in 4.53 ms, found 8 plugins.
Preloading 1 native plugins for Editor in 0.05 ms.
Unloading 4383 Unused Serialized files (Serialized files now loaded: 0)
Unloading 45 unused Assets / (103.4 KB). Loaded Objects now: 4955.
Memory consumption went from 162.3 MB to 162.2 MB.
Total: 3.954200 ms (FindLiveObjects: 0.437100 ms CreateObjectMapping: 0.119100 ms MarkObjects: 3.176200 ms  DeleteObjects: 0.219700 ms)

AssetImportParameters requested are different than current active one (requested -> active):
  custom:video-decoder-ogg-theora: a1e56fd34408186e4bbccfd4996cb3dc -> 
  custom:container-muxer-webm: aa71ff27fc2769a1b78a27578f13a17b -> 
  custom:container-demuxer-webm: 4f35f7cbe854078d1ac9338744f61a02 -> 
  custom:video-encoder-webm-vp8: eb34c28f22e8b96e1ab97ce403110664 -> 
  custom:audio-encoder-webm-vorbis: bf7c407c2cedff20999df2af8eb42d56 -> 
  custom:framework-win-MediaFoundation: 216162199b28c13a410421893ffa2e32 -> 
  custom:container-demuxer-ogg: 62fdf1f143b41e24485cea50d1cbac27 -> 
  custom:video-decoder-webm-vp8: 9c59270c3fd7afecdb556c50c9e8de78 -> 
  custom:audio-decoder-ogg-vorbis: bf7c407c2cedff20999df2af8eb42d56 -> 
========================================================================
Received Import Request.
  Time since last request: 412.482499 seconds.
  path: Assets/_Creepy_Cat/_3D Showroom Free/_Prefabs/P_Logo.prefab
  artifactKey: Guid(9be053ba5f51c4d4fad82e394da388e7) Importer(815301076,1909f56bfc062723c751e8b465ee728b)
Start importing Assets/_Creepy_Cat/_3D Showroom Free/_Prefabs/P_Logo.prefab using Guid(9be053ba5f51c4d4fad82e394da388e7) Importer(815301076,1909f56bfc062723c751e8b465ee728b)  -> (artifact id: 'b24329824b9de1c439277633e8c9663a') in 0.234189 seconds 
========================================================================
Received Import Request.
  Time since last request: 7.799938 seconds.
  path: Assets/DizzyMedia/_Assets
  artifactKey: Guid(4ac9583d97a5e9349913493853c9228a) Importer(815301076,1909f56bfc062723c751e8b465ee728b)
Start importing Assets/DizzyMedia/_Assets using Guid(4ac9583d97a5e9349913493853c9228a) Importer(815301076,1909f56bfc062723c751e8b465ee728b)  -> (artifact id: '08c00f46cf00f0ef84478fd25ac5c3b2') in 0.006159 seconds 
========================================================================
Received Import Request.
  Time since last request: 1.265144 seconds.
  path: Assets/DizzyMedia/_Assets/LP Sets_Sci-fi Interior
  artifactKey: Guid(1b68bf12a9491914ab79d9693c93ed83) Importer(815301076,1909f56bfc062723c751e8b465ee728b)
Start importing Assets/DizzyMedia/_Assets/LP Sets_Sci-fi Interior using Guid(1b68bf12a9491914ab79d9693c93ed83) Importer(815301076,1909f56bfc062723c751e8b465ee728b)  -> (artifact id: '21c6d69ce22ec427186e5e5ebe0beac3') in 0.006172 seconds 
========================================================================
Received Import Request.
  Time since last request: 0.682616 seconds.
  path: Assets/DizzyMedia/_Assets/LP Sets_Sci-fi Interior/Resources
  artifactKey: Guid(b7dbec3e53aa48e43b1f1f7f5ba70e30) Importer(815301076,1909f56bfc062723c751e8b465ee728b)
Start importing Assets/DizzyMedia/_Assets/LP Sets_Sci-fi Interior/Resources using Guid(b7dbec3e53aa48e43b1f1f7f5ba70e30) Importer(815301076,1909f56bfc062723c751e8b465ee728b)  -> (artifact id: '304bef118ea87c356ee766f6202ed042') in 0.005744 seconds 
========================================================================
Received Import Request.
  Time since last request: 1.040408 seconds.
  path: Assets/DizzyMedia/_Assets/LP Sets_Sci-fi Interior/Resources/Audio
  artifactKey: Guid(498720ce01d72a9488e2b19cddccb488) Importer(815301076,1909f56bfc062723c751e8b465ee728b)
Start importing Assets/DizzyMedia/_Assets/LP Sets_Sci-fi Interior/Resources/Audio using Guid(498720ce01d72a9488e2b19cddccb488) Importer(815301076,1909f56bfc062723c751e8b465ee728b)  -> (artifact id: 'd87cdde66d71f46cef3403600775285a') in 0.005649 seconds 
========================================================================
Received Import Request.
  Time since last request: 0.717840 seconds.
  path: Assets/DizzyMedia/_Assets/LP Sets_Sci-fi Interior/Resources/Audio/Ambience
  artifactKey: Guid(eecdb9ac1c3efcb499bdcb8fdfe421ca) Importer(815301076,1909f56bfc062723c751e8b465ee728b)
Start importing Assets/DizzyMedia/_Assets/LP Sets_Sci-fi Interior/Resources/Audio/Ambience using Guid(eecdb9ac1c3efcb499bdcb8fdfe421ca) Importer(815301076,1909f56bfc062723c751e8b465ee728b)  -> (artifact id: '11914a09eb7a293b2086e9a5b6714415') in 0.005795 seconds 
========================================================================
Received Import Request.
  Time since last request: 0.069193 seconds.
  path: Assets/DizzyMedia/_Assets/LP Sets_Sci-fi Interior/Resources/Audio/Ambience/Sci-Fi Ambience.wav
  artifactKey: Guid(7cc3e8341adf1854297aebbc61b33e06) Importer(815301076,1909f56bfc062723c751e8b465ee728b)
Start importing Assets/DizzyMedia/_Assets/LP Sets_Sci-fi Interior/Resources/Audio/Ambience/Sci-Fi Ambience.wav using Guid(7cc3e8341adf1854297aebbc61b33e06) Importer(815301076,1909f56bfc062723c751e8b465ee728b)  -> (artifact id: '96b3271c1db265b9a5a1760d65f4659d') in 0.045425 seconds 
========================================================================
Received Import Request.
  Time since last request: 115.103420 seconds.
  path: Assets/DizzyMedia/_Assets/LP Sets_Sci-fi Interior/Resources/Skybox/back.png
  artifactKey: Guid(94913f06d3c572b4f85c825e0f4b2cd7) Importer(815301076,1909f56bfc062723c751e8b465ee728b)
Start importing Assets/DizzyMedia/_Assets/LP Sets_Sci-fi Interior/Resources/Skybox/back.png using Guid(94913f06d3c572b4f85c825e0f4b2cd7) Importer(815301076,1909f56bfc062723c751e8b465ee728b)  -> (artifact id: 'e5a5f975df2f1980ee5341a962e0b209') in 0.065394 seconds 
========================================================================
Received Import Request.
  Time since last request: 0.000023 seconds.
  path: Assets/DizzyMedia/_Assets/LP Sets_Sci-fi Interior/Resources/Skybox/left.png
  artifactKey: Guid(5ee173ce806ce0b45b6c7dc1e192da52) Importer(815301076,1909f56bfc062723c751e8b465ee728b)
Start importing Assets/DizzyMedia/_Assets/LP Sets_Sci-fi Interior/Resources/Skybox/left.png using Guid(5ee173ce806ce0b45b6c7dc1e192da52) Importer(815301076,1909f56bfc062723c751e8b465ee728b)  -> (artifact id: 'a865f4675786709ef67c5d09ad3bbacc') in 0.063637 seconds 
========================================================================
Received Import Request.
  Time since last request: 0.000025 seconds.
  path: Assets/DizzyMedia/_Assets/LP Sets_Sci-fi Interior/Resources/Skybox/front.png
  artifactKey: Guid(ac3097730848bda428fdc0d0ae7f41cb) Importer(815301076,1909f56bfc062723c751e8b465ee728b)
Start importing Assets/DizzyMedia/_Assets/LP Sets_Sci-fi Interior/Resources/Skybox/front.png using Guid(ac3097730848bda428fdc0d0ae7f41cb) Importer(815301076,1909f56bfc062723c751e8b465ee728b)  -> (artifact id: 'f8716fcdc9143f9da9fda6746eac1b7c') in 0.048294 seconds 
========================================================================
Received Import Request.
  Time since last request: 0.000030 seconds.
  path: Assets/DizzyMedia/_Assets/LP Sets_Sci-fi Interior/Resources/Skybox/SpaceSky.mat
  artifactKey: Guid(94093b2b98f25df46926ee54ea6db0fa) Importer(815301076,1909f56bfc062723c751e8b465ee728b)
Start importing Assets/DizzyMedia/_Assets/LP Sets_Sci-fi Interior/Resources/Skybox/SpaceSky.mat using Guid(94093b2b98f25df46926ee54ea6db0fa) Importer(815301076,1909f56bfc062723c751e8b465ee728b)  -> (artifact id: '46468b12ddf8789da24d09b9a07f7ef9') in 0.393261 seconds 
========================================================================
Received Import Request.
  Time since last request: 40.729453 seconds.
  path: Assets/_Creepy_Cat/_3D Scifi Kit Starter Kit/_Meshes/Materials/Wall_Atlas_01_Dif.mat
  artifactKey: Guid(590cc425744e4488580bcb847b1e0568) Importer(815301076,1909f56bfc062723c751e8b465ee728b)
Start importing Assets/_Creepy_Cat/_3D Scifi Kit Starter Kit/_Meshes/Materials/Wall_Atlas_01_Dif.mat using Guid(590cc425744e4488580bcb847b1e0568) Importer(815301076,1909f56bfc062723c751e8b465ee728b)  -> (artifact id: 'e327cdd274b8e08c8636aed6997a2b1d') in 1.216840 seconds 
========================================================================
Received Import Request.
  Time since last request: 2625.222316 seconds.
  path: Assets/Prefabs/Lightsabers
  artifactKey: Guid(09bc42fa12c6c0148b1590287a1de4f0) Importer(815301076,1909f56bfc062723c751e8b465ee728b)
Start importing Assets/Prefabs/Lightsabers using Guid(09bc42fa12c6c0148b1590287a1de4f0) Importer(815301076,1909f56bfc062723c751e8b465ee728b)  -> (artifact id: 'b6882645e1b35b41160c0d79738c0264') in 0.006046 seconds 
========================================================================
Received Import Request.
  Time since last request: 646.961951 seconds.
  path: Assets/Prefabs/Lightsabers/obi-wan-kenobi-lightsaber
  artifactKey: Guid(895a891611152ba4594d019deb01c892) Importer(815301076,1909f56bfc062723c751e8b465ee728b)
Start importing Assets/Prefabs/Lightsabers/obi-wan-kenobi-lightsaber using Guid(895a891611152ba4594d019deb01c892) Importer(815301076,1909f56bfc062723c751e8b465ee728b)  -> (artifact id: '5fe2416f8b0ffed248f1b791344db68b') in 0.006784 seconds 
========================================================================
Received Import Request.
  Time since last request: 0.956611 seconds.
  path: Assets/Prefabs/Lightsabers/obi-wan-kenobi-lightsaber/source
  artifactKey: Guid(0ea6f12cdf75a1146a5a7a4a2c82029b) Importer(815301076,1909f56bfc062723c751e8b465ee728b)
Start importing Assets/Prefabs/Lightsabers/obi-wan-kenobi-lightsaber/source using Guid(0ea6f12cdf75a1146a5a7a4a2c82029b) Importer(815301076,1909f56bfc062723c751e8b465ee728b)  -> (artifact id: '5a4003347812a876f9802ed7ed1c82b3') in 0.006145 seconds 
========================================================================
Received Import Request.
  Time since last request: 1.815486 seconds.
  path: Assets/Prefabs/Lightsabers/obi-wan-kenobi-lightsaber/source/OWLS.rar
  artifactKey: Guid(6726d0dd274e9364b9deaca0a7e5d93e) Importer(815301076,1909f56bfc062723c751e8b465ee728b)
Start importing Assets/Prefabs/Lightsabers/obi-wan-kenobi-lightsaber/source/OWLS.rar using Guid(6726d0dd274e9364b9deaca0a7e5d93e) Importer(815301076,1909f56bfc062723c751e8b465ee728b)  -> (artifact id: 'f3b877913bc4eacb178696e724d93cad') in 0.050037 seconds 
========================================================================
Received Import Request.
  Time since last request: 6.849288 seconds.
  path: Assets/Prefabs/Lightsabers/obi-wan-kenobi-lightsaber/textures
  artifactKey: Guid(6693c7e426081c2438888d61310ad5e7) Importer(815301076,1909f56bfc062723c751e8b465ee728b)
Start importing Assets/Prefabs/Lightsabers/obi-wan-kenobi-lightsaber/textures using Guid(6693c7e426081c2438888d61310ad5e7) Importer(815301076,1909f56bfc062723c751e8b465ee728b)  -> (artifact id: '0b2b4a717944b9448da0ce0acc2a5e89') in 0.006317 seconds 
========================================================================
Received Import Request.
  Time since last request: 0.052655 seconds.
  path: Assets/Prefabs/Lightsabers/obi-wan-kenobi-lightsaber/textures/OWLS_High_BlackPlastic1_BaseColor.png
  artifactKey: Guid(a2cf34f331c239c4fabe9a066b1e352f) Importer(815301076,1909f56bfc062723c751e8b465ee728b)
Start importing Assets/Prefabs/Lightsabers/obi-wan-kenobi-lightsaber/textures/OWLS_High_BlackPlastic1_BaseColor.png using Guid(a2cf34f331c239c4fabe9a066b1e352f) Importer(815301076,1909f56bfc062723c751e8b465ee728b)  -> (artifact id: 'c758cb719f7458480172b9373283bd7e') in 0.051319 seconds 
========================================================================
Received Import Request.
  Time since last request: 0.000031 seconds.
  path: Assets/Prefabs/Lightsabers/obi-wan-kenobi-lightsaber/textures/OWLS_High_BlackPlastic1_Normal.png
  artifactKey: Guid(350fa91bd5c5acc4d98be464ce140c80) Importer(815301076,1909f56bfc062723c751e8b465ee728b)
Start importing Assets/Prefabs/Lightsabers/obi-wan-kenobi-lightsaber/textures/OWLS_High_BlackPlastic1_Normal.png using Guid(350fa91bd5c5acc4d98be464ce140c80) Importer(815301076,1909f56bfc062723c751e8b465ee728b)  -> (artifact id: '734753f1cada38be105dc264b7aeb05d') in 0.058693 seconds 
========================================================================
Received Import Request.
  Time since last request: 0.000021 seconds.
  path: Assets/Prefabs/Lightsabers/obi-wan-kenobi-lightsaber/textures/OWLS_High_Steel_Normal.png
  artifactKey: Guid(800d64d8c1c4fdf438e281232c5b6e51) Importer(815301076,1909f56bfc062723c751e8b465ee728b)
Start importing Assets/Prefabs/Lightsabers/obi-wan-kenobi-lightsaber/textures/OWLS_High_Steel_Normal.png using Guid(800d64d8c1c4fdf438e281232c5b6e51) Importer(815301076,1909f56bfc062723c751e8b465ee728b)  -> (artifact id: '4f145d1200af916e017408cbfff0b6dd') in 0.047705 seconds 
========================================================================
Received Import Request.
  Time since last request: 0.000032 seconds.
  path: Assets/Prefabs/Lightsabers/obi-wan-kenobi-lightsaber/textures/OWLS_High_BlackPlastic1_Roughness.png
  artifactKey: Guid(08b1c0b61b51f4a4f92435532117c5f4) Importer(815301076,1909f56bfc062723c751e8b465ee728b)
Start importing Assets/Prefabs/Lightsabers/obi-wan-kenobi-lightsaber/textures/OWLS_High_BlackPlastic1_Roughness.png using Guid(08b1c0b61b51f4a4f92435532117c5f4) Importer(815301076,1909f56bfc062723c751e8b465ee728b)  -> (artifact id: 'a569635011f005cab632a5155bad9b83') in 0.061048 seconds 
========================================================================
Received Prepare
Registering precompiled user dll's ...
Registered in 0.007827 seconds.
Begin MonoManager ReloadAssembly
Symbol file LoadedFromMemory doesn't match image C:\Users\wanye\source\3D-User-Interfaces-for-VR\Project 1 - Jedi Training\Library\PackageCache\com.unity.visualscripting@1.8.0\Editor\VisualScripting.Core\Dependencies\DotNetZip\Unity.VisualScripting.IonicZip.dll
Symbol file LoadedFromMemory doesn't match image C:\Users\wanye\source\3D-User-Interfaces-for-VR\Project 1 - Jedi Training\Library\PackageCache\com.unity.visualscripting@1.8.0\Editor\VisualScripting.Core\Dependencies\YamlDotNet\Unity.VisualScripting.YamlDotNet.dll
Native extension for WindowsStandalone target not found
Native extension for Android target not found
Refreshing native plugins compatible for Editor in 1.23 ms, found 8 plugins.
Preloading 1 native plugins for Editor in 0.07 ms.
Mono: successfully reloaded assembly
- Completed reload, in  1.115 seconds
Domain Reload Profiling:
	ReloadAssembly (1116ms)
		BeginReloadAssembly (124ms)
			ExecutionOrderSort (0ms)
			DisableScriptedObjects (4ms)
			BackupInstance (0ms)
			ReleaseScriptingObjects (0ms)
			CreateAndSetChildDomain (40ms)
		EndReloadAssembly (901ms)
			LoadAssemblies (74ms)
			RebuildTransferFunctionScriptingTraits (0ms)
			SetupTypeCache (301ms)
			ReleaseScriptCaches (2ms)
			RebuildScriptCaches (56ms)
			SetupLoadedEditorAssemblies (385ms)
				LogAssemblyErrors (0ms)
				InitializePlatformSupportModulesInManaged (21ms)
				SetLoadedEditorAssemblies (0ms)
				RefreshPlugins (1ms)
				BeforeProcessingInitializeOnLoad (70ms)
				ProcessInitializeOnLoadAttributes (166ms)
				ProcessInitializeOnLoadMethodAttributes (122ms)
				AfterProcessingInitializeOnLoad (5ms)
				EditorAssembliesLoaded (0ms)
			ExecutionOrderSort2 (0ms)
			AwakeInstancesAfterBackupRestoration (6ms)
Platform modules already initialized, skipping
Shader 'Oculus/OVRMRCameraFrameLit': fallback shader 'Alpha-Diffuse' not found
Refreshing native plugins compatible for Editor in 4.93 ms, found 8 plugins.
Preloading 1 native plugins for Editor in 0.05 ms.
Unloading 4400 Unused Serialized files (Serialized files now loaded: 0)
Unloading 51 unused Assets / (181.4 KB). Loaded Objects now: 5006.
Memory consumption went from 163.7 MB to 163.5 MB.
Total: 3.136100 ms (FindLiveObjects: 0.392200 ms CreateObjectMapping: 0.143600 ms MarkObjects: 2.437600 ms  DeleteObjects: 0.161900 ms)

AssetImportParameters requested are different than current active one (requested -> active):
  custom:video-decoder-ogg-theora: a1e56fd34408186e4bbccfd4996cb3dc -> 
  custom:container-muxer-webm: aa71ff27fc2769a1b78a27578f13a17b -> 
  custom:container-demuxer-webm: 4f35f7cbe854078d1ac9338744f61a02 -> 
  custom:video-encoder-webm-vp8: eb34c28f22e8b96e1ab97ce403110664 -> 
  custom:audio-encoder-webm-vorbis: bf7c407c2cedff20999df2af8eb42d56 -> 
  custom:framework-win-MediaFoundation: 216162199b28c13a410421893ffa2e32 -> 
  custom:container-demuxer-ogg: 62fdf1f143b41e24485cea50d1cbac27 -> 
  custom:video-decoder-webm-vp8: 9c59270c3fd7afecdb556c50c9e8de78 -> 
  custom:audio-decoder-ogg-vorbis: bf7c407c2cedff20999df2af8eb42d56 -> 
========================================================================
Received Prepare
Registering precompiled user dll's ...
Registered in 0.006789 seconds.
Begin MonoManager ReloadAssembly
Symbol file LoadedFromMemory doesn't match image C:\Users\wanye\source\3D-User-Interfaces-for-VR\Project 1 - Jedi Training\Library\PackageCache\com.unity.visualscripting@1.8.0\Editor\VisualScripting.Core\Dependencies\DotNetZip\Unity.VisualScripting.IonicZip.dll
Symbol file LoadedFromMemory doesn't match image C:\Users\wanye\source\3D-User-Interfaces-for-VR\Project 1 - Jedi Training\Library\PackageCache\com.unity.visualscripting@1.8.0\Editor\VisualScripting.Core\Dependencies\YamlDotNet\Unity.VisualScripting.YamlDotNet.dll
Native extension for WindowsStandalone target not found
Native extension for Android target not found
Refreshing native plugins compatible for Editor in 1.54 ms, found 8 plugins.
Preloading 1 native plugins for Editor in 0.07 ms.
Mono: successfully reloaded assembly
- Completed reload, in  2.233 seconds
Domain Reload Profiling:
	ReloadAssembly (2234ms)
		BeginReloadAssembly (249ms)
			ExecutionOrderSort (0ms)
			DisableScriptedObjects (3ms)
			BackupInstance (0ms)
			ReleaseScriptingObjects (0ms)
			CreateAndSetChildDomain (105ms)
		EndReloadAssembly (1885ms)
			LoadAssemblies (91ms)
			RebuildTransferFunctionScriptingTraits (0ms)
			SetupTypeCache (297ms)
			ReleaseScriptCaches (2ms)
			RebuildScriptCaches (52ms)
			SetupLoadedEditorAssemblies (1383ms)
				LogAssemblyErrors (0ms)
				InitializePlatformSupportModulesInManaged (30ms)
				SetLoadedEditorAssemblies (0ms)
				RefreshPlugins (2ms)
				BeforeProcessingInitializeOnLoad (81ms)
				ProcessInitializeOnLoadAttributes (1245ms)
				ProcessInitializeOnLoadMethodAttributes (20ms)
				AfterProcessingInitializeOnLoad (5ms)
				EditorAssembliesLoaded (0ms)
			ExecutionOrderSort2 (0ms)
			AwakeInstancesAfterBackupRestoration (7ms)
Platform modules already initialized, skipping
Shader 'Oculus/OVRMRCameraFrameLit': fallback shader 'Alpha-Diffuse' not found
Refreshing native plugins compatible for Editor in 4.73 ms, found 8 plugins.
Preloading 1 native plugins for Editor in 0.05 ms.
Unloading 4406 Unused Serialized files (Serialized files now loaded: 0)
Unloading 53 unused Assets / (231.8 KB). Loaded Objects now: 5014.
Memory consumption went from 164.0 MB to 163.8 MB.
Total: 3.508800 ms (FindLiveObjects: 0.496200 ms CreateObjectMapping: 0.117000 ms MarkObjects: 2.646500 ms  DeleteObjects: 0.247500 ms)

AssetImportParameters requested are different than current active one (requested -> active):
  custom:video-decoder-ogg-theora: a1e56fd34408186e4bbccfd4996cb3dc -> 
  custom:container-muxer-webm: aa71ff27fc2769a1b78a27578f13a17b -> 
  custom:container-demuxer-webm: 4f35f7cbe854078d1ac9338744f61a02 -> 
  custom:video-encoder-webm-vp8: eb34c28f22e8b96e1ab97ce403110664 -> 
  custom:audio-encoder-webm-vorbis: bf7c407c2cedff20999df2af8eb42d56 -> 
  custom:framework-win-MediaFoundation: 216162199b28c13a410421893ffa2e32 -> 
  custom:container-demuxer-ogg: 62fdf1f143b41e24485cea50d1cbac27 -> 
  custom:video-decoder-webm-vp8: 9c59270c3fd7afecdb556c50c9e8de78 -> 
  custom:audio-decoder-ogg-vorbis: bf7c407c2cedff20999df2af8eb42d56 -> 
========================================================================
Received Import Request.
  Time since last request: 1745.132313 seconds.
  path: Assets/Prefabs/Lightsabers/LaserSword
  artifactKey: Guid(fff6483752428a94fba26c695a9af208) Importer(815301076,1909f56bfc062723c751e8b465ee728b)
Start importing Assets/Prefabs/Lightsabers/LaserSword using Guid(fff6483752428a94fba26c695a9af208) Importer(815301076,1909f56bfc062723c751e8b465ee728b)  -> (artifact id: '29e827cba1daae6058a7f4e6d104d2af') in 0.013033 seconds 
========================================================================
Received Import Request.
  Time since last request: 1.443858 seconds.
  path: Assets/Prefabs/Lightsabers/LaserSword/Model
  artifactKey: Guid(b0e58d166b03ac74082edcfd77bfafb3) Importer(815301076,1909f56bfc062723c751e8b465ee728b)
Start importing Assets/Prefabs/Lightsabers/LaserSword/Model using Guid(b0e58d166b03ac74082edcfd77bfafb3) Importer(815301076,1909f56bfc062723c751e8b465ee728b)  -> (artifact id: 'fa9d1afa580503896f76988d446c5c23') in 0.006886 seconds 
========================================================================
Received Import Request.
  Time since last request: 0.057825 seconds.
  path: Assets/Prefabs/Lightsabers/LaserSword/Model/LaserSwordMesh.mesh
  artifactKey: Guid(8d9cf1553bf06c3468c57334a8972976) Importer(815301076,1909f56bfc062723c751e8b465ee728b)
Start importing Assets/Prefabs/Lightsabers/LaserSword/Model/LaserSwordMesh.mesh using Guid(8d9cf1553bf06c3468c57334a8972976) Importer(815301076,1909f56bfc062723c751e8b465ee728b)  -> (artifact id: '5de9f16c9e0d9331ab79cddb4e5ae2d0') in 0.278715 seconds 
========================================================================
Received Import Request.
  Time since last request: 5.005076 seconds.
  path: Assets/Prefabs/Lightsabers/LaserSword/Prefab
  artifactKey: Guid(76617d52269fde3408c1d635520a2af8) Importer(815301076,1909f56bfc062723c751e8b465ee728b)
Start importing Assets/Prefabs/Lightsabers/LaserSword/Prefab using Guid(76617d52269fde3408c1d635520a2af8) Importer(815301076,1909f56bfc062723c751e8b465ee728b)  -> (artifact id: '4ea465b6f1aea4178ce6b9ba3217b245') in 0.007733 seconds 
========================================================================
Received Import Request.
  Time since last request: 0.081327 seconds.
  path: Assets/Prefabs/Lightsabers/LaserSword/Prefab/LaserSwordPrefab.prefab
  artifactKey: Guid(4055cd0b1c63c62488823f03b99fcde6) Importer(815301076,1909f56bfc062723c751e8b465ee728b)
Start importing Assets/Prefabs/Lightsabers/LaserSword/Prefab/LaserSwordPrefab.prefab using Guid(4055cd0b1c63c62488823f03b99fcde6) Importer(815301076,1909f56bfc062723c751e8b465ee728b)  -> (artifact id: 'e0f36096e680dffd8d4c084d20df6476') in 0.115687 seconds 
========================================================================
Received Import Request.
  Time since last request: 123.899363 seconds.
  path: Assets/Prefabs/Lightsabers/LaserSword/Sounds
  artifactKey: Guid(2cf1b010c1f4d4141ae8f4d322afa623) Importer(815301076,1909f56bfc062723c751e8b465ee728b)
Start importing Assets/Prefabs/Lightsabers/LaserSword/Sounds using Guid(2cf1b010c1f4d4141ae8f4d322afa623) Importer(815301076,1909f56bfc062723c751e8b465ee728b)  -> (artifact id: '0dba76d78ae261e825ac07d9cdc6bb86') in 0.006550 seconds 
========================================================================
Received Import Request.
  Time since last request: 0.067989 seconds.
  path: Assets/Prefabs/Lightsabers/LaserSword/Sounds/LaserSwordConstant1.mp3
  artifactKey: Guid(52c565fe2678e41449f22d3eb014d9d5) Importer(815301076,1909f56bfc062723c751e8b465ee728b)
Start importing Assets/Prefabs/Lightsabers/LaserSword/Sounds/LaserSwordConstant1.mp3 using Guid(52c565fe2678e41449f22d3eb014d9d5) Importer(815301076,1909f56bfc062723c751e8b465ee728b)  -> (artifact id: 'f7d858e7c311d53a138d85fc6c8fe0e6') in 0.215299 seconds 
========================================================================
Received Import Request.
  Time since last request: 0.000036 seconds.
  path: Assets/Prefabs/Lightsabers/LaserSword/Sounds/LaserSwordOn2.mp3
  artifactKey: Guid(2e5b8b0e84ce4274786b4ceb4134e572) Importer(815301076,1909f56bfc062723c751e8b465ee728b)
Start importing Assets/Prefabs/Lightsabers/LaserSword/Sounds/LaserSwordOn2.mp3 using Guid(2e5b8b0e84ce4274786b4ceb4134e572) Importer(815301076,1909f56bfc062723c751e8b465ee728b)  -> (artifact id: '208734501cbc930257c91702bb520447') in 0.330091 seconds 
========================================================================
Received Import Request.
  Time since last request: 0.000031 seconds.
  path: Assets/Prefabs/Lightsabers/LaserSword/Sounds/LaserSwordOff1.mp3
  artifactKey: Guid(70576a72353c59e439f05cbbe0b26d76) Importer(815301076,1909f56bfc062723c751e8b465ee728b)
Start importing Assets/Prefabs/Lightsabers/LaserSword/Sounds/LaserSwordOff1.mp3 using Guid(70576a72353c59e439f05cbbe0b26d76) Importer(815301076,1909f56bfc062723c751e8b465ee728b)  -> (artifact id: '83bcdf1e71fc79870114c7d8bc478701') in 1.208596 seconds 
Editor requested this worker to shutdown with reason: Scaling down because of idle timeout
AssetImportWorker is now disconnected from the server
Process exiting
Exiting without the bug reporter. Application will terminate with return code 0